00000000: abcde237  lui     x4,0xabcde
00000004: abcde217  auipc   x4,0xabcde
00000008: 008000ef  jal     x1,0x10
0000000c: 00100073  ebreak
00000010: 01008267  jalr    x4,16(x1)
00000014: 00100073  ebreak
00000018: feb00ee3  beq     x0,x11,0x14
0000001c: feb59ce3  bne     x11,x11,0x14
00000020: fe004ae3  blt     x0,x0,0x14
00000024: fe0558e3  bge     x10,x0,0x14
00000028: fe0066e3  bltu    x0,x0,0x14
0000002c: fea074e3  bgeu    x0,x10,0x14
00000030: 00000463  beq     x0,x0,0x38
00000034: 00100073  ebreak
00000038: 00b01463  bne     x0,x11,0x40
0000003c: 00100073  ebreak
00000040: 00054463  blt     x10,x0,0x48
00000044: 00100073  ebreak
00000048: 00005463  bge     x0,x0,0x50
0000004c: 00100073  ebreak
00000050: 00a06463  bltu    x0,x10,0x58
00000054: 00100073  ebreak
00000058: 00007463  bgeu    x0,x0,0x60
0000005c: 00100073  ebreak
00000060: 01000313  addi    x6,x0,16
00000064: 01034203  lbu     x4,16(x6)
00000068: 00134203  lbu     x4,1(x6)
0000006c: 01035203  lhu     x4,16(x6)
00000070: 00a35203  lhu     x4,10(x6)
00000074: 01030203  lb      x4,16(x6)
00000078: 01130203  lb      x4,17(x6)
0000007c: 01031203  lh      x4,16(x6)
00000080: 00a31203  lh      x4,10(x6)
00000084: 01032203  lw      x4,16(x6)
00000088: fff00293  addi    x5,x0,-1
0000008c: 0e500ea3  sb      x5,253(x0)
00000090: 0e501823  sh      x5,240(x0)
00000094: 0e502a23  sw      x5,244(x0)
00000098: 4d260213  addi    x4,x12,1234
0000009c: 4d262213  slti    x4,x12,1234
000000a0: 4d263213  sltiu   x4,x12,1234
000000a4: 4d264213  xori    x4,x12,1234
000000a8: 4d266213  ori     x4,x12,1234
000000ac: 4d267213  andi    x4,x12,1234
000000b0: 00c69213  slli    x4,x13,12
000000b4: 00c6d213  srli    x4,x13,12
000000b8: 40c6d213  srai    x4,x13,12
000000bc: 00f70233  add     x4,x14,x15
000000c0: 40f70233  sub     x4,x14,x15
000000c4: 00f711b3  sll     x3,x14,x15
000000c8: 00f72233  slt     x4,x14,x15
000000cc: 00f73233  sltu    x4,x14,x15
000000d0: 00f74233  xor     x4,x14,x15
000000d4: 00f751b3  srl     x3,x14,x15
000000d8: 40f751b3  sra     x3,x14,x15
000000dc: 00f76233  or      x4,x14,x15
000000e0: 00f77233  and     x4,x14,x15
000000e4: f14022f3  ecall
000000e8: 00100073  ebreak
000000ec: ffffffff  ERROR: UNIMPLEMENTED INSTRUCTION
000000f0: a5a5a5a5  ERROR: UNIMPLEMENTED INSTRUCTION
000000f4: a5a5a5a5  ERROR: UNIMPLEMENTED INSTRUCTION
000000f8: a5a5a5a5  ERROR: UNIMPLEMENTED INSTRUCTION
000000fc: a5a5a5a5  ERROR: UNIMPLEMENTED INSTRUCTION
00000100: a5a5a5a5  ERROR: UNIMPLEMENTED INSTRUCTION
00000104: a5a5a5a5  ERROR: UNIMPLEMENTED INSTRUCTION
00000108: a5a5a5a5  ERROR: UNIMPLEMENTED INSTRUCTION
0000010c: a5a5a5a5  ERROR: UNIMPLEMENTED INSTRUCTION
00000110: a5a5a5a5  ERROR: UNIMPLEMENTED INSTRUCTION
00000114: a5a5a5a5  ERROR: UNIMPLEMENTED INSTRUCTION
00000118: a5a5a5a5  ERROR: UNIMPLEMENTED INSTRUCTION
0000011c: a5a5a5a5  ERROR: UNIMPLEMENTED INSTRUCTION
00000120: a5a5a5a5  ERROR: UNIMPLEMENTED INSTRUCTION
00000124: a5a5a5a5  ERROR: UNIMPLEMENTED INSTRUCTION
00000128: a5a5a5a5  ERROR: UNIMPLEMENTED INSTRUCTION
0000012c: a5a5a5a5  ERROR: UNIMPLEMENTED INSTRUCTION
00000130: a5a5a5a5  ERROR: UNIMPLEMENTED INSTRUCTION
00000134: a5a5a5a5  ERROR: UNIMPLEMENTED INSTRUCTION
00000138: a5a5a5a5  ERROR: UNIMPLEMENTED INSTRUCTION
0000013c: a5a5a5a5  ERROR: UNIMPLEMENTED INSTRUCTION
00000140: a5a5a5a5  ERROR: UNIMPLEMENTED INSTRUCTION
00000144: a5a5a5a5  ERROR: UNIMPLEMENTED INSTRUCTION
00000148: a5a5a5a5  ERROR: UNIMPLEMENTED INSTRUCTION
0000014c: a5a5a5a5  ERROR: UNIMPLEMENTED INSTRUCTION
00000150: a5a5a5a5  ERROR: UNIMPLEMENTED INSTRUCTION
00000154: a5a5a5a5  ERROR: UNIMPLEMENTED INSTRUCTION
00000158: a5a5a5a5  ERROR: UNIMPLEMENTED INSTRUCTION
0000015c: a5a5a5a5  ERROR: UNIMPLEMENTED INSTRUCTION
00000160: a5a5a5a5  ERROR: UNIMPLEMENTED INSTRUCTION
00000164: a5a5a5a5  ERROR: UNIMPLEMENTED INSTRUCTION
00000168: a5a5a5a5  ERROR: UNIMPLEMENTED INSTRUCTION
0000016c: a5a5a5a5  ERROR: UNIMPLEMENTED INSTRUCTION
00000170: a5a5a5a5  ERROR: UNIMPLEMENTED INSTRUCTION
00000174: a5a5a5a5  ERROR: UNIMPLEMENTED INSTRUCTION
00000178: a5a5a5a5  ERROR: UNIMPLEMENTED INSTRUCTION
0000017c: a5a5a5a5  ERROR: UNIMPLEMENTED INSTRUCTION
00000180: a5a5a5a5  ERROR: UNIMPLEMENTED INSTRUCTION
00000184: a5a5a5a5  ERROR: UNIMPLEMENTED INSTRUCTION
00000188: a5a5a5a5  ERROR: UNIMPLEMENTED INSTRUCTION
0000018c: a5a5a5a5  ERROR: UNIMPLEMENTED INSTRUCTION
00000190: a5a5a5a5  ERROR: UNIMPLEMENTED INSTRUCTION
00000194: a5a5a5a5  ERROR: UNIMPLEMENTED INSTRUCTION
00000198: a5a5a5a5  ERROR: UNIMPLEMENTED INSTRUCTION
0000019c: a5a5a5a5  ERROR: UNIMPLEMENTED INSTRUCTION
000001a0: a5a5a5a5  ERROR: UNIMPLEMENTED INSTRUCTION
000001a4: a5a5a5a5  ERROR: UNIMPLEMENTED INSTRUCTION
000001a8: a5a5a5a5  ERROR: UNIMPLEMENTED INSTRUCTION
000001ac: a5a5a5a5  ERROR: UNIMPLEMENTED INSTRUCTION
000001b0: a5a5a5a5  ERROR: UNIMPLEMENTED INSTRUCTION
000001b4: a5a5a5a5  ERROR: UNIMPLEMENTED INSTRUCTION
000001b8: a5a5a5a5  ERROR: UNIMPLEMENTED INSTRUCTION
000001bc: a5a5a5a5  ERROR: UNIMPLEMENTED INSTRUCTION
000001c0: a5a5a5a5  ERROR: UNIMPLEMENTED INSTRUCTION
000001c4: a5a5a5a5  ERROR: UNIMPLEMENTED INSTRUCTION
000001c8: a5a5a5a5  ERROR: UNIMPLEMENTED INSTRUCTION
000001cc: a5a5a5a5  ERROR: UNIMPLEMENTED INSTRUCTION
000001d0: a5a5a5a5  ERROR: UNIMPLEMENTED INSTRUCTION
000001d4: a5a5a5a5  ERROR: UNIMPLEMENTED INSTRUCTION
000001d8: a5a5a5a5  ERROR: UNIMPLEMENTED INSTRUCTION
000001dc: a5a5a5a5  ERROR: UNIMPLEMENTED INSTRUCTION
000001e0: a5a5a5a5  ERROR: UNIMPLEMENTED INSTRUCTION
000001e4: a5a5a5a5  ERROR: UNIMPLEMENTED INSTRUCTION
000001e8: a5a5a5a5  ERROR: UNIMPLEMENTED INSTRUCTION
000001ec: a5a5a5a5  ERROR: UNIMPLEMENTED INSTRUCTION
000001f0: a5a5a5a5  ERROR: UNIMPLEMENTED INSTRUCTION
000001f4: a5a5a5a5  ERROR: UNIMPLEMENTED INSTRUCTION
000001f8: a5a5a5a5  ERROR: UNIMPLEMENTED INSTRUCTION
000001fc: a5a5a5a5  ERROR: UNIMPLEMENTED INSTRUCTION
00000200: a5a5a5a5  ERROR: UNIMPLEMENTED INSTRUCTION
00000204: a5a5a5a5  ERROR: UNIMPLEMENTED INSTRUCTION
00000208: a5a5a5a5  ERROR: UNIMPLEMENTED INSTRUCTION
0000020c: a5a5a5a5  ERROR: UNIMPLEMENTED INSTRUCTION
00000210: a5a5a5a5  ERROR: UNIMPLEMENTED INSTRUCTION
00000214: a5a5a5a5  ERROR: UNIMPLEMENTED INSTRUCTION
00000218: a5a5a5a5  ERROR: UNIMPLEMENTED INSTRUCTION
0000021c: a5a5a5a5  ERROR: UNIMPLEMENTED INSTRUCTION
00000220: a5a5a5a5  ERROR: UNIMPLEMENTED INSTRUCTION
00000224: a5a5a5a5  ERROR: UNIMPLEMENTED INSTRUCTION
00000228: a5a5a5a5  ERROR: UNIMPLEMENTED INSTRUCTION
0000022c: a5a5a5a5  ERROR: UNIMPLEMENTED INSTRUCTION
00000230: a5a5a5a5  ERROR: UNIMPLEMENTED INSTRUCTION
00000234: a5a5a5a5  ERROR: UNIMPLEMENTED INSTRUCTION
00000238: a5a5a5a5  ERROR: UNIMPLEMENTED INSTRUCTION
0000023c: a5a5a5a5  ERROR: UNIMPLEMENTED INSTRUCTION
00000240: a5a5a5a5  ERROR: UNIMPLEMENTED INSTRUCTION
00000244: a5a5a5a5  ERROR: UNIMPLEMENTED INSTRUCTION
00000248: a5a5a5a5  ERROR: UNIMPLEMENTED INSTRUCTION
0000024c: a5a5a5a5  ERROR: UNIMPLEMENTED INSTRUCTION
00000250: a5a5a5a5  ERROR: UNIMPLEMENTED INSTRUCTION
00000254: a5a5a5a5  ERROR: UNIMPLEMENTED INSTRUCTION
00000258: a5a5a5a5  ERROR: UNIMPLEMENTED INSTRUCTION
0000025c: a5a5a5a5  ERROR: UNIMPLEMENTED INSTRUCTION
00000260: a5a5a5a5  ERROR: UNIMPLEMENTED INSTRUCTION
00000264: a5a5a5a5  ERROR: UNIMPLEMENTED INSTRUCTION
00000268: a5a5a5a5  ERROR: UNIMPLEMENTED INSTRUCTION
0000026c: a5a5a5a5  ERROR: UNIMPLEMENTED INSTRUCTION
00000270: a5a5a5a5  ERROR: UNIMPLEMENTED INSTRUCTION
00000274: a5a5a5a5  ERROR: UNIMPLEMENTED INSTRUCTION
00000278: a5a5a5a5  ERROR: UNIMPLEMENTED INSTRUCTION
0000027c: a5a5a5a5  ERROR: UNIMPLEMENTED INSTRUCTION
00000280: a5a5a5a5  ERROR: UNIMPLEMENTED INSTRUCTION
00000284: a5a5a5a5  ERROR: UNIMPLEMENTED INSTRUCTION
00000288: a5a5a5a5  ERROR: UNIMPLEMENTED INSTRUCTION
0000028c: a5a5a5a5  ERROR: UNIMPLEMENTED INSTRUCTION
00000290: a5a5a5a5  ERROR: UNIMPLEMENTED INSTRUCTION
00000294: a5a5a5a5  ERROR: UNIMPLEMENTED INSTRUCTION
00000298: a5a5a5a5  ERROR: UNIMPLEMENTED INSTRUCTION
0000029c: a5a5a5a5  ERROR: UNIMPLEMENTED INSTRUCTION
000002a0: a5a5a5a5  ERROR: UNIMPLEMENTED INSTRUCTION
000002a4: a5a5a5a5  ERROR: UNIMPLEMENTED INSTRUCTION
000002a8: a5a5a5a5  ERROR: UNIMPLEMENTED INSTRUCTION
000002ac: a5a5a5a5  ERROR: UNIMPLEMENTED INSTRUCTION
000002b0: a5a5a5a5  ERROR: UNIMPLEMENTED INSTRUCTION
000002b4: a5a5a5a5  ERROR: UNIMPLEMENTED INSTRUCTION
000002b8: a5a5a5a5  ERROR: UNIMPLEMENTED INSTRUCTION
000002bc: a5a5a5a5  ERROR: UNIMPLEMENTED INSTRUCTION
000002c0: a5a5a5a5  ERROR: UNIMPLEMENTED INSTRUCTION
000002c4: a5a5a5a5  ERROR: UNIMPLEMENTED INSTRUCTION
000002c8: a5a5a5a5  ERROR: UNIMPLEMENTED INSTRUCTION
000002cc: a5a5a5a5  ERROR: UNIMPLEMENTED INSTRUCTION
000002d0: a5a5a5a5  ERROR: UNIMPLEMENTED INSTRUCTION
000002d4: a5a5a5a5  ERROR: UNIMPLEMENTED INSTRUCTION
000002d8: a5a5a5a5  ERROR: UNIMPLEMENTED INSTRUCTION
000002dc: a5a5a5a5  ERROR: UNIMPLEMENTED INSTRUCTION
000002e0: a5a5a5a5  ERROR: UNIMPLEMENTED INSTRUCTION
000002e4: a5a5a5a5  ERROR: UNIMPLEMENTED INSTRUCTION
000002e8: a5a5a5a5  ERROR: UNIMPLEMENTED INSTRUCTION
000002ec: a5a5a5a5  ERROR: UNIMPLEMENTED INSTRUCTION
000002f0: a5a5a5a5  ERROR: UNIMPLEMENTED INSTRUCTION
000002f4: a5a5a5a5  ERROR: UNIMPLEMENTED INSTRUCTION
000002f8: a5a5a5a5  ERROR: UNIMPLEMENTED INSTRUCTION
000002fc: a5a5a5a5  ERROR: UNIMPLEMENTED INSTRUCTION
00000300: a5a5a5a5  ERROR: UNIMPLEMENTED INSTRUCTION
00000304: a5a5a5a5  ERROR: UNIMPLEMENTED INSTRUCTION
00000308: a5a5a5a5  ERROR: UNIMPLEMENTED INSTRUCTION
0000030c: a5a5a5a5  ERROR: UNIMPLEMENTED INSTRUCTION
00000310: a5a5a5a5  ERROR: UNIMPLEMENTED INSTRUCTION
00000314: a5a5a5a5  ERROR: UNIMPLEMENTED INSTRUCTION
00000318: a5a5a5a5  ERROR: UNIMPLEMENTED INSTRUCTION
0000031c: a5a5a5a5  ERROR: UNIMPLEMENTED INSTRUCTION
00000320: a5a5a5a5  ERROR: UNIMPLEMENTED INSTRUCTION
00000324: a5a5a5a5  ERROR: UNIMPLEMENTED INSTRUCTION
00000328: a5a5a5a5  ERROR: UNIMPLEMENTED INSTRUCTION
0000032c: a5a5a5a5  ERROR: UNIMPLEMENTED INSTRUCTION
00000330: a5a5a5a5  ERROR: UNIMPLEMENTED INSTRUCTION
00000334: a5a5a5a5  ERROR: UNIMPLEMENTED INSTRUCTION
00000338: a5a5a5a5  ERROR: UNIMPLEMENTED INSTRUCTION
0000033c: a5a5a5a5  ERROR: UNIMPLEMENTED INSTRUCTION
00000340: a5a5a5a5  ERROR: UNIMPLEMENTED INSTRUCTION
00000344: a5a5a5a5  ERROR: UNIMPLEMENTED INSTRUCTION
00000348: a5a5a5a5  ERROR: UNIMPLEMENTED INSTRUCTION
0000034c: a5a5a5a5  ERROR: UNIMPLEMENTED INSTRUCTION
00000350: a5a5a5a5  ERROR: UNIMPLEMENTED INSTRUCTION
00000354: a5a5a5a5  ERROR: UNIMPLEMENTED INSTRUCTION
00000358: a5a5a5a5  ERROR: UNIMPLEMENTED INSTRUCTION
0000035c: a5a5a5a5  ERROR: UNIMPLEMENTED INSTRUCTION
00000360: a5a5a5a5  ERROR: UNIMPLEMENTED INSTRUCTION
00000364: a5a5a5a5  ERROR: UNIMPLEMENTED INSTRUCTION
00000368: a5a5a5a5  ERROR: UNIMPLEMENTED INSTRUCTION
0000036c: a5a5a5a5  ERROR: UNIMPLEMENTED INSTRUCTION
00000370: a5a5a5a5  ERROR: UNIMPLEMENTED INSTRUCTION
00000374: a5a5a5a5  ERROR: UNIMPLEMENTED INSTRUCTION
00000378: a5a5a5a5  ERROR: UNIMPLEMENTED INSTRUCTION
0000037c: a5a5a5a5  ERROR: UNIMPLEMENTED INSTRUCTION
00000380: a5a5a5a5  ERROR: UNIMPLEMENTED INSTRUCTION
00000384: a5a5a5a5  ERROR: UNIMPLEMENTED INSTRUCTION
00000388: a5a5a5a5  ERROR: UNIMPLEMENTED INSTRUCTION
0000038c: a5a5a5a5  ERROR: UNIMPLEMENTED INSTRUCTION
00000390: a5a5a5a5  ERROR: UNIMPLEMENTED INSTRUCTION
00000394: a5a5a5a5  ERROR: UNIMPLEMENTED INSTRUCTION
00000398: a5a5a5a5  ERROR: UNIMPLEMENTED INSTRUCTION
0000039c: a5a5a5a5  ERROR: UNIMPLEMENTED INSTRUCTION
000003a0: a5a5a5a5  ERROR: UNIMPLEMENTED INSTRUCTION
000003a4: a5a5a5a5  ERROR: UNIMPLEMENTED INSTRUCTION
000003a8: a5a5a5a5  ERROR: UNIMPLEMENTED INSTRUCTION
000003ac: a5a5a5a5  ERROR: UNIMPLEMENTED INSTRUCTION
000003b0: a5a5a5a5  ERROR: UNIMPLEMENTED INSTRUCTION
000003b4: a5a5a5a5  ERROR: UNIMPLEMENTED INSTRUCTION
000003b8: a5a5a5a5  ERROR: UNIMPLEMENTED INSTRUCTION
000003bc: a5a5a5a5  ERROR: UNIMPLEMENTED INSTRUCTION
000003c0: a5a5a5a5  ERROR: UNIMPLEMENTED INSTRUCTION
000003c4: a5a5a5a5  ERROR: UNIMPLEMENTED INSTRUCTION
000003c8: a5a5a5a5  ERROR: UNIMPLEMENTED INSTRUCTION
000003cc: a5a5a5a5  ERROR: UNIMPLEMENTED INSTRUCTION
000003d0: a5a5a5a5  ERROR: UNIMPLEMENTED INSTRUCTION
000003d4: a5a5a5a5  ERROR: UNIMPLEMENTED INSTRUCTION
000003d8: a5a5a5a5  ERROR: UNIMPLEMENTED INSTRUCTION
000003dc: a5a5a5a5  ERROR: UNIMPLEMENTED INSTRUCTION
000003e0: a5a5a5a5  ERROR: UNIMPLEMENTED INSTRUCTION
000003e4: a5a5a5a5  ERROR: UNIMPLEMENTED INSTRUCTION
000003e8: a5a5a5a5  ERROR: UNIMPLEMENTED INSTRUCTION
000003ec: a5a5a5a5  ERROR: UNIMPLEMENTED INSTRUCTION
000003f0: a5a5a5a5  ERROR: UNIMPLEMENTED INSTRUCTION
000003f4: a5a5a5a5  ERROR: UNIMPLEMENTED INSTRUCTION
000003f8: a5a5a5a5  ERROR: UNIMPLEMENTED INSTRUCTION
000003fc: a5a5a5a5  ERROR: UNIMPLEMENTED INSTRUCTION
00000400: a5a5a5a5  ERROR: UNIMPLEMENTED INSTRUCTION
00000404: a5a5a5a5  ERROR: UNIMPLEMENTED INSTRUCTION
00000408: a5a5a5a5  ERROR: UNIMPLEMENTED INSTRUCTION
0000040c: a5a5a5a5  ERROR: UNIMPLEMENTED INSTRUCTION
00000410: a5a5a5a5  ERROR: UNIMPLEMENTED INSTRUCTION
00000414: a5a5a5a5  ERROR: UNIMPLEMENTED INSTRUCTION
00000418: a5a5a5a5  ERROR: UNIMPLEMENTED INSTRUCTION
0000041c: a5a5a5a5  ERROR: UNIMPLEMENTED INSTRUCTION
00000420: a5a5a5a5  ERROR: UNIMPLEMENTED INSTRUCTION
00000424: a5a5a5a5  ERROR: UNIMPLEMENTED INSTRUCTION
00000428: a5a5a5a5  ERROR: UNIMPLEMENTED INSTRUCTION
0000042c: a5a5a5a5  ERROR: UNIMPLEMENTED INSTRUCTION
00000430: a5a5a5a5  ERROR: UNIMPLEMENTED INSTRUCTION
00000434: a5a5a5a5  ERROR: UNIMPLEMENTED INSTRUCTION
00000438: a5a5a5a5  ERROR: UNIMPLEMENTED INSTRUCTION
0000043c: a5a5a5a5  ERROR: UNIMPLEMENTED INSTRUCTION
00000440: a5a5a5a5  ERROR: UNIMPLEMENTED INSTRUCTION
00000444: a5a5a5a5  ERROR: UNIMPLEMENTED INSTRUCTION
00000448: a5a5a5a5  ERROR: UNIMPLEMENTED INSTRUCTION
0000044c: a5a5a5a5  ERROR: UNIMPLEMENTED INSTRUCTION
00000450: a5a5a5a5  ERROR: UNIMPLEMENTED INSTRUCTION
00000454: a5a5a5a5  ERROR: UNIMPLEMENTED INSTRUCTION
00000458: a5a5a5a5  ERROR: UNIMPLEMENTED INSTRUCTION
0000045c: a5a5a5a5  ERROR: UNIMPLEMENTED INSTRUCTION
00000460: a5a5a5a5  ERROR: UNIMPLEMENTED INSTRUCTION
00000464: a5a5a5a5  ERROR: UNIMPLEMENTED INSTRUCTION
00000468: a5a5a5a5  ERROR: UNIMPLEMENTED INSTRUCTION
0000046c: a5a5a5a5  ERROR: UNIMPLEMENTED INSTRUCTION
00000470: a5a5a5a5  ERROR: UNIMPLEMENTED INSTRUCTION
00000474: a5a5a5a5  ERROR: UNIMPLEMENTED INSTRUCTION
00000478: a5a5a5a5  ERROR: UNIMPLEMENTED INSTRUCTION
0000047c: a5a5a5a5  ERROR: UNIMPLEMENTED INSTRUCTION
00000480: a5a5a5a5  ERROR: UNIMPLEMENTED INSTRUCTION
00000484: a5a5a5a5  ERROR: UNIMPLEMENTED INSTRUCTION
00000488: a5a5a5a5  ERROR: UNIMPLEMENTED INSTRUCTION
0000048c: a5a5a5a5  ERROR: UNIMPLEMENTED INSTRUCTION
00000490: a5a5a5a5  ERROR: UNIMPLEMENTED INSTRUCTION
00000494: a5a5a5a5  ERROR: UNIMPLEMENTED INSTRUCTION
00000498: a5a5a5a5  ERROR: UNIMPLEMENTED INSTRUCTION
0000049c: a5a5a5a5  ERROR: UNIMPLEMENTED INSTRUCTION
000004a0: a5a5a5a5  ERROR: UNIMPLEMENTED INSTRUCTION
000004a4: a5a5a5a5  ERROR: UNIMPLEMENTED INSTRUCTION
000004a8: a5a5a5a5  ERROR: UNIMPLEMENTED INSTRUCTION
000004ac: a5a5a5a5  ERROR: UNIMPLEMENTED INSTRUCTION
000004b0: a5a5a5a5  ERROR: UNIMPLEMENTED INSTRUCTION
000004b4: a5a5a5a5  ERROR: UNIMPLEMENTED INSTRUCTION
000004b8: a5a5a5a5  ERROR: UNIMPLEMENTED INSTRUCTION
000004bc: a5a5a5a5  ERROR: UNIMPLEMENTED INSTRUCTION
000004c0: a5a5a5a5  ERROR: UNIMPLEMENTED INSTRUCTION
000004c4: a5a5a5a5  ERROR: UNIMPLEMENTED INSTRUCTION
000004c8: a5a5a5a5  ERROR: UNIMPLEMENTED INSTRUCTION
000004cc: a5a5a5a5  ERROR: UNIMPLEMENTED INSTRUCTION
000004d0: a5a5a5a5  ERROR: UNIMPLEMENTED INSTRUCTION
000004d4: a5a5a5a5  ERROR: UNIMPLEMENTED INSTRUCTION
000004d8: a5a5a5a5  ERROR: UNIMPLEMENTED INSTRUCTION
000004dc: a5a5a5a5  ERROR: UNIMPLEMENTED INSTRUCTION
000004e0: a5a5a5a5  ERROR: UNIMPLEMENTED INSTRUCTION
000004e4: a5a5a5a5  ERROR: UNIMPLEMENTED INSTRUCTION
000004e8: a5a5a5a5  ERROR: UNIMPLEMENTED INSTRUCTION
000004ec: a5a5a5a5  ERROR: UNIMPLEMENTED INSTRUCTION
000004f0: a5a5a5a5  ERROR: UNIMPLEMENTED INSTRUCTION
000004f4: a5a5a5a5  ERROR: UNIMPLEMENTED INSTRUCTION
000004f8: a5a5a5a5  ERROR: UNIMPLEMENTED INSTRUCTION
000004fc: a5a5a5a5  ERROR: UNIMPLEMENTED INSTRUCTION
00000500: a5a5a5a5  ERROR: UNIMPLEMENTED INSTRUCTION
00000504: a5a5a5a5  ERROR: UNIMPLEMENTED INSTRUCTION
00000508: a5a5a5a5  ERROR: UNIMPLEMENTED INSTRUCTION
0000050c: a5a5a5a5  ERROR: UNIMPLEMENTED INSTRUCTION
00000510: a5a5a5a5  ERROR: UNIMPLEMENTED INSTRUCTION
00000514: a5a5a5a5  ERROR: UNIMPLEMENTED INSTRUCTION
00000518: a5a5a5a5  ERROR: UNIMPLEMENTED INSTRUCTION
0000051c: a5a5a5a5  ERROR: UNIMPLEMENTED INSTRUCTION
00000520: a5a5a5a5  ERROR: UNIMPLEMENTED INSTRUCTION
00000524: a5a5a5a5  ERROR: UNIMPLEMENTED INSTRUCTION
00000528: a5a5a5a5  ERROR: UNIMPLEMENTED INSTRUCTION
0000052c: a5a5a5a5  ERROR: UNIMPLEMENTED INSTRUCTION
00000530: a5a5a5a5  ERROR: UNIMPLEMENTED INSTRUCTION
00000534: a5a5a5a5  ERROR: UNIMPLEMENTED INSTRUCTION
00000538: a5a5a5a5  ERROR: UNIMPLEMENTED INSTRUCTION
0000053c: a5a5a5a5  ERROR: UNIMPLEMENTED INSTRUCTION
00000540: a5a5a5a5  ERROR: UNIMPLEMENTED INSTRUCTION
00000544: a5a5a5a5  ERROR: UNIMPLEMENTED INSTRUCTION
00000548: a5a5a5a5  ERROR: UNIMPLEMENTED INSTRUCTION
0000054c: a5a5a5a5  ERROR: UNIMPLEMENTED INSTRUCTION
00000550: a5a5a5a5  ERROR: UNIMPLEMENTED INSTRUCTION
00000554: a5a5a5a5  ERROR: UNIMPLEMENTED INSTRUCTION
00000558: a5a5a5a5  ERROR: UNIMPLEMENTED INSTRUCTION
0000055c: a5a5a5a5  ERROR: UNIMPLEMENTED INSTRUCTION
00000560: a5a5a5a5  ERROR: UNIMPLEMENTED INSTRUCTION
00000564: a5a5a5a5  ERROR: UNIMPLEMENTED INSTRUCTION
00000568: a5a5a5a5  ERROR: UNIMPLEMENTED INSTRUCTION
0000056c: a5a5a5a5  ERROR: UNIMPLEMENTED INSTRUCTION
00000570: a5a5a5a5  ERROR: UNIMPLEMENTED INSTRUCTION
00000574: a5a5a5a5  ERROR: UNIMPLEMENTED INSTRUCTION
00000578: a5a5a5a5  ERROR: UNIMPLEMENTED INSTRUCTION
0000057c: a5a5a5a5  ERROR: UNIMPLEMENTED INSTRUCTION
00000580: a5a5a5a5  ERROR: UNIMPLEMENTED INSTRUCTION
00000584: a5a5a5a5  ERROR: UNIMPLEMENTED INSTRUCTION
00000588: a5a5a5a5  ERROR: UNIMPLEMENTED INSTRUCTION
0000058c: a5a5a5a5  ERROR: UNIMPLEMENTED INSTRUCTION
00000590: a5a5a5a5  ERROR: UNIMPLEMENTED INSTRUCTION
00000594: a5a5a5a5  ERROR: UNIMPLEMENTED INSTRUCTION
00000598: a5a5a5a5  ERROR: UNIMPLEMENTED INSTRUCTION
0000059c: a5a5a5a5  ERROR: UNIMPLEMENTED INSTRUCTION
000005a0: a5a5a5a5  ERROR: UNIMPLEMENTED INSTRUCTION
000005a4: a5a5a5a5  ERROR: UNIMPLEMENTED INSTRUCTION
000005a8: a5a5a5a5  ERROR: UNIMPLEMENTED INSTRUCTION
000005ac: a5a5a5a5  ERROR: UNIMPLEMENTED INSTRUCTION
000005b0: a5a5a5a5  ERROR: UNIMPLEMENTED INSTRUCTION
000005b4: a5a5a5a5  ERROR: UNIMPLEMENTED INSTRUCTION
000005b8: a5a5a5a5  ERROR: UNIMPLEMENTED INSTRUCTION
000005bc: a5a5a5a5  ERROR: UNIMPLEMENTED INSTRUCTION
000005c0: a5a5a5a5  ERROR: UNIMPLEMENTED INSTRUCTION
000005c4: a5a5a5a5  ERROR: UNIMPLEMENTED INSTRUCTION
000005c8: a5a5a5a5  ERROR: UNIMPLEMENTED INSTRUCTION
000005cc: a5a5a5a5  ERROR: UNIMPLEMENTED INSTRUCTION
000005d0: a5a5a5a5  ERROR: UNIMPLEMENTED INSTRUCTION
000005d4: a5a5a5a5  ERROR: UNIMPLEMENTED INSTRUCTION
000005d8: a5a5a5a5  ERROR: UNIMPLEMENTED INSTRUCTION
000005dc: a5a5a5a5  ERROR: UNIMPLEMENTED INSTRUCTION
000005e0: a5a5a5a5  ERROR: UNIMPLEMENTED INSTRUCTION
000005e4: a5a5a5a5  ERROR: UNIMPLEMENTED INSTRUCTION
000005e8: a5a5a5a5  ERROR: UNIMPLEMENTED INSTRUCTION
000005ec: a5a5a5a5  ERROR: UNIMPLEMENTED INSTRUCTION
000005f0: a5a5a5a5  ERROR: UNIMPLEMENTED INSTRUCTION
000005f4: a5a5a5a5  ERROR: UNIMPLEMENTED INSTRUCTION
000005f8: a5a5a5a5  ERROR: UNIMPLEMENTED INSTRUCTION
000005fc: a5a5a5a5  ERROR: UNIMPLEMENTED INSTRUCTION
00000600: a5a5a5a5  ERROR: UNIMPLEMENTED INSTRUCTION
00000604: a5a5a5a5  ERROR: UNIMPLEMENTED INSTRUCTION
00000608: a5a5a5a5  ERROR: UNIMPLEMENTED INSTRUCTION
0000060c: a5a5a5a5  ERROR: UNIMPLEMENTED INSTRUCTION
00000610: a5a5a5a5  ERROR: UNIMPLEMENTED INSTRUCTION
00000614: a5a5a5a5  ERROR: UNIMPLEMENTED INSTRUCTION
00000618: a5a5a5a5  ERROR: UNIMPLEMENTED INSTRUCTION
0000061c: a5a5a5a5  ERROR: UNIMPLEMENTED INSTRUCTION
00000620: a5a5a5a5  ERROR: UNIMPLEMENTED INSTRUCTION
00000624: a5a5a5a5  ERROR: UNIMPLEMENTED INSTRUCTION
00000628: a5a5a5a5  ERROR: UNIMPLEMENTED INSTRUCTION
0000062c: a5a5a5a5  ERROR: UNIMPLEMENTED INSTRUCTION
00000630: a5a5a5a5  ERROR: UNIMPLEMENTED INSTRUCTION
00000634: a5a5a5a5  ERROR: UNIMPLEMENTED INSTRUCTION
00000638: a5a5a5a5  ERROR: UNIMPLEMENTED INSTRUCTION
0000063c: a5a5a5a5  ERROR: UNIMPLEMENTED INSTRUCTION
00000640: a5a5a5a5  ERROR: UNIMPLEMENTED INSTRUCTION
00000644: a5a5a5a5  ERROR: UNIMPLEMENTED INSTRUCTION
00000648: a5a5a5a5  ERROR: UNIMPLEMENTED INSTRUCTION
0000064c: a5a5a5a5  ERROR: UNIMPLEMENTED INSTRUCTION
00000650: a5a5a5a5  ERROR: UNIMPLEMENTED INSTRUCTION
00000654: a5a5a5a5  ERROR: UNIMPLEMENTED INSTRUCTION
00000658: a5a5a5a5  ERROR: UNIMPLEMENTED INSTRUCTION
0000065c: a5a5a5a5  ERROR: UNIMPLEMENTED INSTRUCTION
00000660: a5a5a5a5  ERROR: UNIMPLEMENTED INSTRUCTION
00000664: a5a5a5a5  ERROR: UNIMPLEMENTED INSTRUCTION
00000668: a5a5a5a5  ERROR: UNIMPLEMENTED INSTRUCTION
0000066c: a5a5a5a5  ERROR: UNIMPLEMENTED INSTRUCTION
00000670: a5a5a5a5  ERROR: UNIMPLEMENTED INSTRUCTION
00000674: a5a5a5a5  ERROR: UNIMPLEMENTED INSTRUCTION
00000678: a5a5a5a5  ERROR: UNIMPLEMENTED INSTRUCTION
0000067c: a5a5a5a5  ERROR: UNIMPLEMENTED INSTRUCTION
00000680: a5a5a5a5  ERROR: UNIMPLEMENTED INSTRUCTION
00000684: a5a5a5a5  ERROR: UNIMPLEMENTED INSTRUCTION
00000688: a5a5a5a5  ERROR: UNIMPLEMENTED INSTRUCTION
0000068c: a5a5a5a5  ERROR: UNIMPLEMENTED INSTRUCTION
00000690: a5a5a5a5  ERROR: UNIMPLEMENTED INSTRUCTION
00000694: a5a5a5a5  ERROR: UNIMPLEMENTED INSTRUCTION
00000698: a5a5a5a5  ERROR: UNIMPLEMENTED INSTRUCTION
0000069c: a5a5a5a5  ERROR: UNIMPLEMENTED INSTRUCTION
000006a0: a5a5a5a5  ERROR: UNIMPLEMENTED INSTRUCTION
000006a4: a5a5a5a5  ERROR: UNIMPLEMENTED INSTRUCTION
000006a8: a5a5a5a5  ERROR: UNIMPLEMENTED INSTRUCTION
000006ac: a5a5a5a5  ERROR: UNIMPLEMENTED INSTRUCTION
000006b0: a5a5a5a5  ERROR: UNIMPLEMENTED INSTRUCTION
000006b4: a5a5a5a5  ERROR: UNIMPLEMENTED INSTRUCTION
000006b8: a5a5a5a5  ERROR: UNIMPLEMENTED INSTRUCTION
000006bc: a5a5a5a5  ERROR: UNIMPLEMENTED INSTRUCTION
000006c0: a5a5a5a5  ERROR: UNIMPLEMENTED INSTRUCTION
000006c4: a5a5a5a5  ERROR: UNIMPLEMENTED INSTRUCTION
000006c8: a5a5a5a5  ERROR: UNIMPLEMENTED INSTRUCTION
000006cc: a5a5a5a5  ERROR: UNIMPLEMENTED INSTRUCTION
000006d0: a5a5a5a5  ERROR: UNIMPLEMENTED INSTRUCTION
000006d4: a5a5a5a5  ERROR: UNIMPLEMENTED INSTRUCTION
000006d8: a5a5a5a5  ERROR: UNIMPLEMENTED INSTRUCTION
000006dc: a5a5a5a5  ERROR: UNIMPLEMENTED INSTRUCTION
000006e0: a5a5a5a5  ERROR: UNIMPLEMENTED INSTRUCTION
000006e4: a5a5a5a5  ERROR: UNIMPLEMENTED INSTRUCTION
000006e8: a5a5a5a5  ERROR: UNIMPLEMENTED INSTRUCTION
000006ec: a5a5a5a5  ERROR: UNIMPLEMENTED INSTRUCTION
000006f0: a5a5a5a5  ERROR: UNIMPLEMENTED INSTRUCTION
000006f4: a5a5a5a5  ERROR: UNIMPLEMENTED INSTRUCTION
000006f8: a5a5a5a5  ERROR: UNIMPLEMENTED INSTRUCTION
000006fc: a5a5a5a5  ERROR: UNIMPLEMENTED INSTRUCTION
00000700: a5a5a5a5  ERROR: UNIMPLEMENTED INSTRUCTION
00000704: a5a5a5a5  ERROR: UNIMPLEMENTED INSTRUCTION
00000708: a5a5a5a5  ERROR: UNIMPLEMENTED INSTRUCTION
0000070c: a5a5a5a5  ERROR: UNIMPLEMENTED INSTRUCTION
00000710: a5a5a5a5  ERROR: UNIMPLEMENTED INSTRUCTION
00000714: a5a5a5a5  ERROR: UNIMPLEMENTED INSTRUCTION
00000718: a5a5a5a5  ERROR: UNIMPLEMENTED INSTRUCTION
0000071c: a5a5a5a5  ERROR: UNIMPLEMENTED INSTRUCTION
00000720: a5a5a5a5  ERROR: UNIMPLEMENTED INSTRUCTION
00000724: a5a5a5a5  ERROR: UNIMPLEMENTED INSTRUCTION
00000728: a5a5a5a5  ERROR: UNIMPLEMENTED INSTRUCTION
0000072c: a5a5a5a5  ERROR: UNIMPLEMENTED INSTRUCTION
00000730: a5a5a5a5  ERROR: UNIMPLEMENTED INSTRUCTION
00000734: a5a5a5a5  ERROR: UNIMPLEMENTED INSTRUCTION
00000738: a5a5a5a5  ERROR: UNIMPLEMENTED INSTRUCTION
0000073c: a5a5a5a5  ERROR: UNIMPLEMENTED INSTRUCTION
00000740: a5a5a5a5  ERROR: UNIMPLEMENTED INSTRUCTION
00000744: a5a5a5a5  ERROR: UNIMPLEMENTED INSTRUCTION
00000748: a5a5a5a5  ERROR: UNIMPLEMENTED INSTRUCTION
0000074c: a5a5a5a5  ERROR: UNIMPLEMENTED INSTRUCTION
00000750: a5a5a5a5  ERROR: UNIMPLEMENTED INSTRUCTION
00000754: a5a5a5a5  ERROR: UNIMPLEMENTED INSTRUCTION
00000758: a5a5a5a5  ERROR: UNIMPLEMENTED INSTRUCTION
0000075c: a5a5a5a5  ERROR: UNIMPLEMENTED INSTRUCTION
00000760: a5a5a5a5  ERROR: UNIMPLEMENTED INSTRUCTION
00000764: a5a5a5a5  ERROR: UNIMPLEMENTED INSTRUCTION
00000768: a5a5a5a5  ERROR: UNIMPLEMENTED INSTRUCTION
0000076c: a5a5a5a5  ERROR: UNIMPLEMENTED INSTRUCTION
00000770: a5a5a5a5  ERROR: UNIMPLEMENTED INSTRUCTION
00000774: a5a5a5a5  ERROR: UNIMPLEMENTED INSTRUCTION
00000778: a5a5a5a5  ERROR: UNIMPLEMENTED INSTRUCTION
0000077c: a5a5a5a5  ERROR: UNIMPLEMENTED INSTRUCTION
00000780: a5a5a5a5  ERROR: UNIMPLEMENTED INSTRUCTION
00000784: a5a5a5a5  ERROR: UNIMPLEMENTED INSTRUCTION
00000788: a5a5a5a5  ERROR: UNIMPLEMENTED INSTRUCTION
0000078c: a5a5a5a5  ERROR: UNIMPLEMENTED INSTRUCTION
00000790: a5a5a5a5  ERROR: UNIMPLEMENTED INSTRUCTION
00000794: a5a5a5a5  ERROR: UNIMPLEMENTED INSTRUCTION
00000798: a5a5a5a5  ERROR: UNIMPLEMENTED INSTRUCTION
0000079c: a5a5a5a5  ERROR: UNIMPLEMENTED INSTRUCTION
000007a0: a5a5a5a5  ERROR: UNIMPLEMENTED INSTRUCTION
000007a4: a5a5a5a5  ERROR: UNIMPLEMENTED INSTRUCTION
000007a8: a5a5a5a5  ERROR: UNIMPLEMENTED INSTRUCTION
000007ac: a5a5a5a5  ERROR: UNIMPLEMENTED INSTRUCTION
000007b0: a5a5a5a5  ERROR: UNIMPLEMENTED INSTRUCTION
000007b4: a5a5a5a5  ERROR: UNIMPLEMENTED INSTRUCTION
000007b8: a5a5a5a5  ERROR: UNIMPLEMENTED INSTRUCTION
000007bc: a5a5a5a5  ERROR: UNIMPLEMENTED INSTRUCTION
000007c0: a5a5a5a5  ERROR: UNIMPLEMENTED INSTRUCTION
000007c4: a5a5a5a5  ERROR: UNIMPLEMENTED INSTRUCTION
000007c8: a5a5a5a5  ERROR: UNIMPLEMENTED INSTRUCTION
000007cc: a5a5a5a5  ERROR: UNIMPLEMENTED INSTRUCTION
000007d0: a5a5a5a5  ERROR: UNIMPLEMENTED INSTRUCTION
000007d4: a5a5a5a5  ERROR: UNIMPLEMENTED INSTRUCTION
000007d8: a5a5a5a5  ERROR: UNIMPLEMENTED INSTRUCTION
000007dc: a5a5a5a5  ERROR: UNIMPLEMENTED INSTRUCTION
000007e0: a5a5a5a5  ERROR: UNIMPLEMENTED INSTRUCTION
000007e4: a5a5a5a5  ERROR: UNIMPLEMENTED INSTRUCTION
000007e8: a5a5a5a5  ERROR: UNIMPLEMENTED INSTRUCTION
000007ec: a5a5a5a5  ERROR: UNIMPLEMENTED INSTRUCTION
000007f0: a5a5a5a5  ERROR: UNIMPLEMENTED INSTRUCTION
000007f4: a5a5a5a5  ERROR: UNIMPLEMENTED INSTRUCTION
000007f8: a5a5a5a5  ERROR: UNIMPLEMENTED INSTRUCTION
000007fc: a5a5a5a5  ERROR: UNIMPLEMENTED INSTRUCTION
00000800: a5a5a5a5  ERROR: UNIMPLEMENTED INSTRUCTION
00000804: a5a5a5a5  ERROR: UNIMPLEMENTED INSTRUCTION
00000808: a5a5a5a5  ERROR: UNIMPLEMENTED INSTRUCTION
0000080c: a5a5a5a5  ERROR: UNIMPLEMENTED INSTRUCTION
00000810: a5a5a5a5  ERROR: UNIMPLEMENTED INSTRUCTION
00000814: a5a5a5a5  ERROR: UNIMPLEMENTED INSTRUCTION
00000818: a5a5a5a5  ERROR: UNIMPLEMENTED INSTRUCTION
0000081c: a5a5a5a5  ERROR: UNIMPLEMENTED INSTRUCTION
00000820: a5a5a5a5  ERROR: UNIMPLEMENTED INSTRUCTION
00000824: a5a5a5a5  ERROR: UNIMPLEMENTED INSTRUCTION
00000828: a5a5a5a5  ERROR: UNIMPLEMENTED INSTRUCTION
0000082c: a5a5a5a5  ERROR: UNIMPLEMENTED INSTRUCTION
00000830: a5a5a5a5  ERROR: UNIMPLEMENTED INSTRUCTION
00000834: a5a5a5a5  ERROR: UNIMPLEMENTED INSTRUCTION
00000838: a5a5a5a5  ERROR: UNIMPLEMENTED INSTRUCTION
0000083c: a5a5a5a5  ERROR: UNIMPLEMENTED INSTRUCTION
00000840: a5a5a5a5  ERROR: UNIMPLEMENTED INSTRUCTION
00000844: a5a5a5a5  ERROR: UNIMPLEMENTED INSTRUCTION
00000848: a5a5a5a5  ERROR: UNIMPLEMENTED INSTRUCTION
0000084c: a5a5a5a5  ERROR: UNIMPLEMENTED INSTRUCTION
00000850: a5a5a5a5  ERROR: UNIMPLEMENTED INSTRUCTION
00000854: a5a5a5a5  ERROR: UNIMPLEMENTED INSTRUCTION
00000858: a5a5a5a5  ERROR: UNIMPLEMENTED INSTRUCTION
0000085c: a5a5a5a5  ERROR: UNIMPLEMENTED INSTRUCTION
00000860: a5a5a5a5  ERROR: UNIMPLEMENTED INSTRUCTION
00000864: a5a5a5a5  ERROR: UNIMPLEMENTED INSTRUCTION
00000868: a5a5a5a5  ERROR: UNIMPLEMENTED INSTRUCTION
0000086c: a5a5a5a5  ERROR: UNIMPLEMENTED INSTRUCTION
00000870: a5a5a5a5  ERROR: UNIMPLEMENTED INSTRUCTION
00000874: a5a5a5a5  ERROR: UNIMPLEMENTED INSTRUCTION
00000878: a5a5a5a5  ERROR: UNIMPLEMENTED INSTRUCTION
0000087c: a5a5a5a5  ERROR: UNIMPLEMENTED INSTRUCTION
00000880: a5a5a5a5  ERROR: UNIMPLEMENTED INSTRUCTION
00000884: a5a5a5a5  ERROR: UNIMPLEMENTED INSTRUCTION
00000888: a5a5a5a5  ERROR: UNIMPLEMENTED INSTRUCTION
0000088c: a5a5a5a5  ERROR: UNIMPLEMENTED INSTRUCTION
00000890: a5a5a5a5  ERROR: UNIMPLEMENTED INSTRUCTION
00000894: a5a5a5a5  ERROR: UNIMPLEMENTED INSTRUCTION
00000898: a5a5a5a5  ERROR: UNIMPLEMENTED INSTRUCTION
0000089c: a5a5a5a5  ERROR: UNIMPLEMENTED INSTRUCTION
000008a0: a5a5a5a5  ERROR: UNIMPLEMENTED INSTRUCTION
000008a4: a5a5a5a5  ERROR: UNIMPLEMENTED INSTRUCTION
000008a8: a5a5a5a5  ERROR: UNIMPLEMENTED INSTRUCTION
000008ac: a5a5a5a5  ERROR: UNIMPLEMENTED INSTRUCTION
000008b0: a5a5a5a5  ERROR: UNIMPLEMENTED INSTRUCTION
000008b4: a5a5a5a5  ERROR: UNIMPLEMENTED INSTRUCTION
000008b8: a5a5a5a5  ERROR: UNIMPLEMENTED INSTRUCTION
000008bc: a5a5a5a5  ERROR: UNIMPLEMENTED INSTRUCTION
000008c0: a5a5a5a5  ERROR: UNIMPLEMENTED INSTRUCTION
000008c4: a5a5a5a5  ERROR: UNIMPLEMENTED INSTRUCTION
000008c8: a5a5a5a5  ERROR: UNIMPLEMENTED INSTRUCTION
000008cc: a5a5a5a5  ERROR: UNIMPLEMENTED INSTRUCTION
000008d0: a5a5a5a5  ERROR: UNIMPLEMENTED INSTRUCTION
000008d4: a5a5a5a5  ERROR: UNIMPLEMENTED INSTRUCTION
000008d8: a5a5a5a5  ERROR: UNIMPLEMENTED INSTRUCTION
000008dc: a5a5a5a5  ERROR: UNIMPLEMENTED INSTRUCTION
000008e0: a5a5a5a5  ERROR: UNIMPLEMENTED INSTRUCTION
000008e4: a5a5a5a5  ERROR: UNIMPLEMENTED INSTRUCTION
000008e8: a5a5a5a5  ERROR: UNIMPLEMENTED INSTRUCTION
000008ec: a5a5a5a5  ERROR: UNIMPLEMENTED INSTRUCTION
000008f0: a5a5a5a5  ERROR: UNIMPLEMENTED INSTRUCTION
000008f4: a5a5a5a5  ERROR: UNIMPLEMENTED INSTRUCTION
000008f8: a5a5a5a5  ERROR: UNIMPLEMENTED INSTRUCTION
000008fc: a5a5a5a5  ERROR: UNIMPLEMENTED INSTRUCTION
00000900: a5a5a5a5  ERROR: UNIMPLEMENTED INSTRUCTION
00000904: a5a5a5a5  ERROR: UNIMPLEMENTED INSTRUCTION
00000908: a5a5a5a5  ERROR: UNIMPLEMENTED INSTRUCTION
0000090c: a5a5a5a5  ERROR: UNIMPLEMENTED INSTRUCTION
00000910: a5a5a5a5  ERROR: UNIMPLEMENTED INSTRUCTION
00000914: a5a5a5a5  ERROR: UNIMPLEMENTED INSTRUCTION
00000918: a5a5a5a5  ERROR: UNIMPLEMENTED INSTRUCTION
0000091c: a5a5a5a5  ERROR: UNIMPLEMENTED INSTRUCTION
00000920: a5a5a5a5  ERROR: UNIMPLEMENTED INSTRUCTION
00000924: a5a5a5a5  ERROR: UNIMPLEMENTED INSTRUCTION
00000928: a5a5a5a5  ERROR: UNIMPLEMENTED INSTRUCTION
0000092c: a5a5a5a5  ERROR: UNIMPLEMENTED INSTRUCTION
00000930: a5a5a5a5  ERROR: UNIMPLEMENTED INSTRUCTION
00000934: a5a5a5a5  ERROR: UNIMPLEMENTED INSTRUCTION
00000938: a5a5a5a5  ERROR: UNIMPLEMENTED INSTRUCTION
0000093c: a5a5a5a5  ERROR: UNIMPLEMENTED INSTRUCTION
00000940: a5a5a5a5  ERROR: UNIMPLEMENTED INSTRUCTION
00000944: a5a5a5a5  ERROR: UNIMPLEMENTED INSTRUCTION
00000948: a5a5a5a5  ERROR: UNIMPLEMENTED INSTRUCTION
0000094c: a5a5a5a5  ERROR: UNIMPLEMENTED INSTRUCTION
00000950: a5a5a5a5  ERROR: UNIMPLEMENTED INSTRUCTION
00000954: a5a5a5a5  ERROR: UNIMPLEMENTED INSTRUCTION
00000958: a5a5a5a5  ERROR: UNIMPLEMENTED INSTRUCTION
0000095c: a5a5a5a5  ERROR: UNIMPLEMENTED INSTRUCTION
00000960: a5a5a5a5  ERROR: UNIMPLEMENTED INSTRUCTION
00000964: a5a5a5a5  ERROR: UNIMPLEMENTED INSTRUCTION
00000968: a5a5a5a5  ERROR: UNIMPLEMENTED INSTRUCTION
0000096c: a5a5a5a5  ERROR: UNIMPLEMENTED INSTRUCTION
00000970: a5a5a5a5  ERROR: UNIMPLEMENTED INSTRUCTION
00000974: a5a5a5a5  ERROR: UNIMPLEMENTED INSTRUCTION
00000978: a5a5a5a5  ERROR: UNIMPLEMENTED INSTRUCTION
0000097c: a5a5a5a5  ERROR: UNIMPLEMENTED INSTRUCTION
00000980: a5a5a5a5  ERROR: UNIMPLEMENTED INSTRUCTION
00000984: a5a5a5a5  ERROR: UNIMPLEMENTED INSTRUCTION
00000988: a5a5a5a5  ERROR: UNIMPLEMENTED INSTRUCTION
0000098c: a5a5a5a5  ERROR: UNIMPLEMENTED INSTRUCTION
00000990: a5a5a5a5  ERROR: UNIMPLEMENTED INSTRUCTION
00000994: a5a5a5a5  ERROR: UNIMPLEMENTED INSTRUCTION
00000998: a5a5a5a5  ERROR: UNIMPLEMENTED INSTRUCTION
0000099c: a5a5a5a5  ERROR: UNIMPLEMENTED INSTRUCTION
000009a0: a5a5a5a5  ERROR: UNIMPLEMENTED INSTRUCTION
000009a4: a5a5a5a5  ERROR: UNIMPLEMENTED INSTRUCTION
000009a8: a5a5a5a5  ERROR: UNIMPLEMENTED INSTRUCTION
000009ac: a5a5a5a5  ERROR: UNIMPLEMENTED INSTRUCTION
000009b0: a5a5a5a5  ERROR: UNIMPLEMENTED INSTRUCTION
000009b4: a5a5a5a5  ERROR: UNIMPLEMENTED INSTRUCTION
000009b8: a5a5a5a5  ERROR: UNIMPLEMENTED INSTRUCTION
000009bc: a5a5a5a5  ERROR: UNIMPLEMENTED INSTRUCTION
000009c0: a5a5a5a5  ERROR: UNIMPLEMENTED INSTRUCTION
000009c4: a5a5a5a5  ERROR: UNIMPLEMENTED INSTRUCTION
000009c8: a5a5a5a5  ERROR: UNIMPLEMENTED INSTRUCTION
000009cc: a5a5a5a5  ERROR: UNIMPLEMENTED INSTRUCTION
000009d0: a5a5a5a5  ERROR: UNIMPLEMENTED INSTRUCTION
000009d4: a5a5a5a5  ERROR: UNIMPLEMENTED INSTRUCTION
000009d8: a5a5a5a5  ERROR: UNIMPLEMENTED INSTRUCTION
000009dc: a5a5a5a5  ERROR: UNIMPLEMENTED INSTRUCTION
000009e0: a5a5a5a5  ERROR: UNIMPLEMENTED INSTRUCTION
000009e4: a5a5a5a5  ERROR: UNIMPLEMENTED INSTRUCTION
000009e8: a5a5a5a5  ERROR: UNIMPLEMENTED INSTRUCTION
000009ec: a5a5a5a5  ERROR: UNIMPLEMENTED INSTRUCTION
000009f0: a5a5a5a5  ERROR: UNIMPLEMENTED INSTRUCTION
000009f4: a5a5a5a5  ERROR: UNIMPLEMENTED INSTRUCTION
000009f8: a5a5a5a5  ERROR: UNIMPLEMENTED INSTRUCTION
000009fc: a5a5a5a5  ERROR: UNIMPLEMENTED INSTRUCTION
00000a00: a5a5a5a5  ERROR: UNIMPLEMENTED INSTRUCTION
00000a04: a5a5a5a5  ERROR: UNIMPLEMENTED INSTRUCTION
00000a08: a5a5a5a5  ERROR: UNIMPLEMENTED INSTRUCTION
00000a0c: a5a5a5a5  ERROR: UNIMPLEMENTED INSTRUCTION
00000a10: a5a5a5a5  ERROR: UNIMPLEMENTED INSTRUCTION
00000a14: a5a5a5a5  ERROR: UNIMPLEMENTED INSTRUCTION
00000a18: a5a5a5a5  ERROR: UNIMPLEMENTED INSTRUCTION
00000a1c: a5a5a5a5  ERROR: UNIMPLEMENTED INSTRUCTION
00000a20: a5a5a5a5  ERROR: UNIMPLEMENTED INSTRUCTION
00000a24: a5a5a5a5  ERROR: UNIMPLEMENTED INSTRUCTION
00000a28: a5a5a5a5  ERROR: UNIMPLEMENTED INSTRUCTION
00000a2c: a5a5a5a5  ERROR: UNIMPLEMENTED INSTRUCTION
00000a30: a5a5a5a5  ERROR: UNIMPLEMENTED INSTRUCTION
00000a34: a5a5a5a5  ERROR: UNIMPLEMENTED INSTRUCTION
00000a38: a5a5a5a5  ERROR: UNIMPLEMENTED INSTRUCTION
00000a3c: a5a5a5a5  ERROR: UNIMPLEMENTED INSTRUCTION
00000a40: a5a5a5a5  ERROR: UNIMPLEMENTED INSTRUCTION
00000a44: a5a5a5a5  ERROR: UNIMPLEMENTED INSTRUCTION
00000a48: a5a5a5a5  ERROR: UNIMPLEMENTED INSTRUCTION
00000a4c: a5a5a5a5  ERROR: UNIMPLEMENTED INSTRUCTION
00000a50: a5a5a5a5  ERROR: UNIMPLEMENTED INSTRUCTION
00000a54: a5a5a5a5  ERROR: UNIMPLEMENTED INSTRUCTION
00000a58: a5a5a5a5  ERROR: UNIMPLEMENTED INSTRUCTION
00000a5c: a5a5a5a5  ERROR: UNIMPLEMENTED INSTRUCTION
00000a60: a5a5a5a5  ERROR: UNIMPLEMENTED INSTRUCTION
00000a64: a5a5a5a5  ERROR: UNIMPLEMENTED INSTRUCTION
00000a68: a5a5a5a5  ERROR: UNIMPLEMENTED INSTRUCTION
00000a6c: a5a5a5a5  ERROR: UNIMPLEMENTED INSTRUCTION
00000a70: a5a5a5a5  ERROR: UNIMPLEMENTED INSTRUCTION
00000a74: a5a5a5a5  ERROR: UNIMPLEMENTED INSTRUCTION
00000a78: a5a5a5a5  ERROR: UNIMPLEMENTED INSTRUCTION
00000a7c: a5a5a5a5  ERROR: UNIMPLEMENTED INSTRUCTION
00000a80: a5a5a5a5  ERROR: UNIMPLEMENTED INSTRUCTION
00000a84: a5a5a5a5  ERROR: UNIMPLEMENTED INSTRUCTION
00000a88: a5a5a5a5  ERROR: UNIMPLEMENTED INSTRUCTION
00000a8c: a5a5a5a5  ERROR: UNIMPLEMENTED INSTRUCTION
00000a90: a5a5a5a5  ERROR: UNIMPLEMENTED INSTRUCTION
00000a94: a5a5a5a5  ERROR: UNIMPLEMENTED INSTRUCTION
00000a98: a5a5a5a5  ERROR: UNIMPLEMENTED INSTRUCTION
00000a9c: a5a5a5a5  ERROR: UNIMPLEMENTED INSTRUCTION
00000aa0: a5a5a5a5  ERROR: UNIMPLEMENTED INSTRUCTION
00000aa4: a5a5a5a5  ERROR: UNIMPLEMENTED INSTRUCTION
00000aa8: a5a5a5a5  ERROR: UNIMPLEMENTED INSTRUCTION
00000aac: a5a5a5a5  ERROR: UNIMPLEMENTED INSTRUCTION
00000ab0: a5a5a5a5  ERROR: UNIMPLEMENTED INSTRUCTION
00000ab4: a5a5a5a5  ERROR: UNIMPLEMENTED INSTRUCTION
00000ab8: a5a5a5a5  ERROR: UNIMPLEMENTED INSTRUCTION
00000abc: a5a5a5a5  ERROR: UNIMPLEMENTED INSTRUCTION
00000ac0: a5a5a5a5  ERROR: UNIMPLEMENTED INSTRUCTION
00000ac4: a5a5a5a5  ERROR: UNIMPLEMENTED INSTRUCTION
00000ac8: a5a5a5a5  ERROR: UNIMPLEMENTED INSTRUCTION
00000acc: a5a5a5a5  ERROR: UNIMPLEMENTED INSTRUCTION
00000ad0: a5a5a5a5  ERROR: UNIMPLEMENTED INSTRUCTION
00000ad4: a5a5a5a5  ERROR: UNIMPLEMENTED INSTRUCTION
00000ad8: a5a5a5a5  ERROR: UNIMPLEMENTED INSTRUCTION
00000adc: a5a5a5a5  ERROR: UNIMPLEMENTED INSTRUCTION
00000ae0: a5a5a5a5  ERROR: UNIMPLEMENTED INSTRUCTION
00000ae4: a5a5a5a5  ERROR: UNIMPLEMENTED INSTRUCTION
00000ae8: a5a5a5a5  ERROR: UNIMPLEMENTED INSTRUCTION
00000aec: a5a5a5a5  ERROR: UNIMPLEMENTED INSTRUCTION
00000af0: a5a5a5a5  ERROR: UNIMPLEMENTED INSTRUCTION
00000af4: a5a5a5a5  ERROR: UNIMPLEMENTED INSTRUCTION
00000af8: a5a5a5a5  ERROR: UNIMPLEMENTED INSTRUCTION
00000afc: a5a5a5a5  ERROR: UNIMPLEMENTED INSTRUCTION
00000b00: a5a5a5a5  ERROR: UNIMPLEMENTED INSTRUCTION
00000b04: a5a5a5a5  ERROR: UNIMPLEMENTED INSTRUCTION
00000b08: a5a5a5a5  ERROR: UNIMPLEMENTED INSTRUCTION
00000b0c: a5a5a5a5  ERROR: UNIMPLEMENTED INSTRUCTION
00000b10: a5a5a5a5  ERROR: UNIMPLEMENTED INSTRUCTION
00000b14: a5a5a5a5  ERROR: UNIMPLEMENTED INSTRUCTION
00000b18: a5a5a5a5  ERROR: UNIMPLEMENTED INSTRUCTION
00000b1c: a5a5a5a5  ERROR: UNIMPLEMENTED INSTRUCTION
00000b20: a5a5a5a5  ERROR: UNIMPLEMENTED INSTRUCTION
00000b24: a5a5a5a5  ERROR: UNIMPLEMENTED INSTRUCTION
00000b28: a5a5a5a5  ERROR: UNIMPLEMENTED INSTRUCTION
00000b2c: a5a5a5a5  ERROR: UNIMPLEMENTED INSTRUCTION
00000b30: a5a5a5a5  ERROR: UNIMPLEMENTED INSTRUCTION
00000b34: a5a5a5a5  ERROR: UNIMPLEMENTED INSTRUCTION
00000b38: a5a5a5a5  ERROR: UNIMPLEMENTED INSTRUCTION
00000b3c: a5a5a5a5  ERROR: UNIMPLEMENTED INSTRUCTION
00000b40: a5a5a5a5  ERROR: UNIMPLEMENTED INSTRUCTION
00000b44: a5a5a5a5  ERROR: UNIMPLEMENTED INSTRUCTION
00000b48: a5a5a5a5  ERROR: UNIMPLEMENTED INSTRUCTION
00000b4c: a5a5a5a5  ERROR: UNIMPLEMENTED INSTRUCTION
00000b50: a5a5a5a5  ERROR: UNIMPLEMENTED INSTRUCTION
00000b54: a5a5a5a5  ERROR: UNIMPLEMENTED INSTRUCTION
00000b58: a5a5a5a5  ERROR: UNIMPLEMENTED INSTRUCTION
00000b5c: a5a5a5a5  ERROR: UNIMPLEMENTED INSTRUCTION
00000b60: a5a5a5a5  ERROR: UNIMPLEMENTED INSTRUCTION
00000b64: a5a5a5a5  ERROR: UNIMPLEMENTED INSTRUCTION
00000b68: a5a5a5a5  ERROR: UNIMPLEMENTED INSTRUCTION
00000b6c: a5a5a5a5  ERROR: UNIMPLEMENTED INSTRUCTION
00000b70: a5a5a5a5  ERROR: UNIMPLEMENTED INSTRUCTION
00000b74: a5a5a5a5  ERROR: UNIMPLEMENTED INSTRUCTION
00000b78: a5a5a5a5  ERROR: UNIMPLEMENTED INSTRUCTION
00000b7c: a5a5a5a5  ERROR: UNIMPLEMENTED INSTRUCTION
00000b80: a5a5a5a5  ERROR: UNIMPLEMENTED INSTRUCTION
00000b84: a5a5a5a5  ERROR: UNIMPLEMENTED INSTRUCTION
00000b88: a5a5a5a5  ERROR: UNIMPLEMENTED INSTRUCTION
00000b8c: a5a5a5a5  ERROR: UNIMPLEMENTED INSTRUCTION
00000b90: a5a5a5a5  ERROR: UNIMPLEMENTED INSTRUCTION
00000b94: a5a5a5a5  ERROR: UNIMPLEMENTED INSTRUCTION
00000b98: a5a5a5a5  ERROR: UNIMPLEMENTED INSTRUCTION
00000b9c: a5a5a5a5  ERROR: UNIMPLEMENTED INSTRUCTION
00000ba0: a5a5a5a5  ERROR: UNIMPLEMENTED INSTRUCTION
00000ba4: a5a5a5a5  ERROR: UNIMPLEMENTED INSTRUCTION
00000ba8: a5a5a5a5  ERROR: UNIMPLEMENTED INSTRUCTION
00000bac: a5a5a5a5  ERROR: UNIMPLEMENTED INSTRUCTION
00000bb0: a5a5a5a5  ERROR: UNIMPLEMENTED INSTRUCTION
00000bb4: a5a5a5a5  ERROR: UNIMPLEMENTED INSTRUCTION
00000bb8: a5a5a5a5  ERROR: UNIMPLEMENTED INSTRUCTION
00000bbc: a5a5a5a5  ERROR: UNIMPLEMENTED INSTRUCTION
00000bc0: a5a5a5a5  ERROR: UNIMPLEMENTED INSTRUCTION
00000bc4: a5a5a5a5  ERROR: UNIMPLEMENTED INSTRUCTION
00000bc8: a5a5a5a5  ERROR: UNIMPLEMENTED INSTRUCTION
00000bcc: a5a5a5a5  ERROR: UNIMPLEMENTED INSTRUCTION
00000bd0: a5a5a5a5  ERROR: UNIMPLEMENTED INSTRUCTION
00000bd4: a5a5a5a5  ERROR: UNIMPLEMENTED INSTRUCTION
00000bd8: a5a5a5a5  ERROR: UNIMPLEMENTED INSTRUCTION
00000bdc: a5a5a5a5  ERROR: UNIMPLEMENTED INSTRUCTION
00000be0: a5a5a5a5  ERROR: UNIMPLEMENTED INSTRUCTION
00000be4: a5a5a5a5  ERROR: UNIMPLEMENTED INSTRUCTION
00000be8: a5a5a5a5  ERROR: UNIMPLEMENTED INSTRUCTION
00000bec: a5a5a5a5  ERROR: UNIMPLEMENTED INSTRUCTION
00000bf0: a5a5a5a5  ERROR: UNIMPLEMENTED INSTRUCTION
00000bf4: a5a5a5a5  ERROR: UNIMPLEMENTED INSTRUCTION
00000bf8: a5a5a5a5  ERROR: UNIMPLEMENTED INSTRUCTION
00000bfc: a5a5a5a5  ERROR: UNIMPLEMENTED INSTRUCTION
00000c00: a5a5a5a5  ERROR: UNIMPLEMENTED INSTRUCTION
00000c04: a5a5a5a5  ERROR: UNIMPLEMENTED INSTRUCTION
00000c08: a5a5a5a5  ERROR: UNIMPLEMENTED INSTRUCTION
00000c0c: a5a5a5a5  ERROR: UNIMPLEMENTED INSTRUCTION
00000c10: a5a5a5a5  ERROR: UNIMPLEMENTED INSTRUCTION
00000c14: a5a5a5a5  ERROR: UNIMPLEMENTED INSTRUCTION
00000c18: a5a5a5a5  ERROR: UNIMPLEMENTED INSTRUCTION
00000c1c: a5a5a5a5  ERROR: UNIMPLEMENTED INSTRUCTION
00000c20: a5a5a5a5  ERROR: UNIMPLEMENTED INSTRUCTION
00000c24: a5a5a5a5  ERROR: UNIMPLEMENTED INSTRUCTION
00000c28: a5a5a5a5  ERROR: UNIMPLEMENTED INSTRUCTION
00000c2c: a5a5a5a5  ERROR: UNIMPLEMENTED INSTRUCTION
00000c30: a5a5a5a5  ERROR: UNIMPLEMENTED INSTRUCTION
00000c34: a5a5a5a5  ERROR: UNIMPLEMENTED INSTRUCTION
00000c38: a5a5a5a5  ERROR: UNIMPLEMENTED INSTRUCTION
00000c3c: a5a5a5a5  ERROR: UNIMPLEMENTED INSTRUCTION
00000c40: a5a5a5a5  ERROR: UNIMPLEMENTED INSTRUCTION
00000c44: a5a5a5a5  ERROR: UNIMPLEMENTED INSTRUCTION
00000c48: a5a5a5a5  ERROR: UNIMPLEMENTED INSTRUCTION
00000c4c: a5a5a5a5  ERROR: UNIMPLEMENTED INSTRUCTION
00000c50: a5a5a5a5  ERROR: UNIMPLEMENTED INSTRUCTION
00000c54: a5a5a5a5  ERROR: UNIMPLEMENTED INSTRUCTION
00000c58: a5a5a5a5  ERROR: UNIMPLEMENTED INSTRUCTION
00000c5c: a5a5a5a5  ERROR: UNIMPLEMENTED INSTRUCTION
00000c60: a5a5a5a5  ERROR: UNIMPLEMENTED INSTRUCTION
00000c64: a5a5a5a5  ERROR: UNIMPLEMENTED INSTRUCTION
00000c68: a5a5a5a5  ERROR: UNIMPLEMENTED INSTRUCTION
00000c6c: a5a5a5a5  ERROR: UNIMPLEMENTED INSTRUCTION
00000c70: a5a5a5a5  ERROR: UNIMPLEMENTED INSTRUCTION
00000c74: a5a5a5a5  ERROR: UNIMPLEMENTED INSTRUCTION
00000c78: a5a5a5a5  ERROR: UNIMPLEMENTED INSTRUCTION
00000c7c: a5a5a5a5  ERROR: UNIMPLEMENTED INSTRUCTION
00000c80: a5a5a5a5  ERROR: UNIMPLEMENTED INSTRUCTION
00000c84: a5a5a5a5  ERROR: UNIMPLEMENTED INSTRUCTION
00000c88: a5a5a5a5  ERROR: UNIMPLEMENTED INSTRUCTION
00000c8c: a5a5a5a5  ERROR: UNIMPLEMENTED INSTRUCTION
00000c90: a5a5a5a5  ERROR: UNIMPLEMENTED INSTRUCTION
00000c94: a5a5a5a5  ERROR: UNIMPLEMENTED INSTRUCTION
00000c98: a5a5a5a5  ERROR: UNIMPLEMENTED INSTRUCTION
00000c9c: a5a5a5a5  ERROR: UNIMPLEMENTED INSTRUCTION
00000ca0: a5a5a5a5  ERROR: UNIMPLEMENTED INSTRUCTION
00000ca4: a5a5a5a5  ERROR: UNIMPLEMENTED INSTRUCTION
00000ca8: a5a5a5a5  ERROR: UNIMPLEMENTED INSTRUCTION
00000cac: a5a5a5a5  ERROR: UNIMPLEMENTED INSTRUCTION
00000cb0: a5a5a5a5  ERROR: UNIMPLEMENTED INSTRUCTION
00000cb4: a5a5a5a5  ERROR: UNIMPLEMENTED INSTRUCTION
00000cb8: a5a5a5a5  ERROR: UNIMPLEMENTED INSTRUCTION
00000cbc: a5a5a5a5  ERROR: UNIMPLEMENTED INSTRUCTION
00000cc0: a5a5a5a5  ERROR: UNIMPLEMENTED INSTRUCTION
00000cc4: a5a5a5a5  ERROR: UNIMPLEMENTED INSTRUCTION
00000cc8: a5a5a5a5  ERROR: UNIMPLEMENTED INSTRUCTION
00000ccc: a5a5a5a5  ERROR: UNIMPLEMENTED INSTRUCTION
00000cd0: a5a5a5a5  ERROR: UNIMPLEMENTED INSTRUCTION
00000cd4: a5a5a5a5  ERROR: UNIMPLEMENTED INSTRUCTION
00000cd8: a5a5a5a5  ERROR: UNIMPLEMENTED INSTRUCTION
00000cdc: a5a5a5a5  ERROR: UNIMPLEMENTED INSTRUCTION
00000ce0: a5a5a5a5  ERROR: UNIMPLEMENTED INSTRUCTION
00000ce4: a5a5a5a5  ERROR: UNIMPLEMENTED INSTRUCTION
00000ce8: a5a5a5a5  ERROR: UNIMPLEMENTED INSTRUCTION
00000cec: a5a5a5a5  ERROR: UNIMPLEMENTED INSTRUCTION
00000cf0: a5a5a5a5  ERROR: UNIMPLEMENTED INSTRUCTION
00000cf4: a5a5a5a5  ERROR: UNIMPLEMENTED INSTRUCTION
00000cf8: a5a5a5a5  ERROR: UNIMPLEMENTED INSTRUCTION
00000cfc: a5a5a5a5  ERROR: UNIMPLEMENTED INSTRUCTION
00000d00: a5a5a5a5  ERROR: UNIMPLEMENTED INSTRUCTION
00000d04: a5a5a5a5  ERROR: UNIMPLEMENTED INSTRUCTION
00000d08: a5a5a5a5  ERROR: UNIMPLEMENTED INSTRUCTION
00000d0c: a5a5a5a5  ERROR: UNIMPLEMENTED INSTRUCTION
00000d10: a5a5a5a5  ERROR: UNIMPLEMENTED INSTRUCTION
00000d14: a5a5a5a5  ERROR: UNIMPLEMENTED INSTRUCTION
00000d18: a5a5a5a5  ERROR: UNIMPLEMENTED INSTRUCTION
00000d1c: a5a5a5a5  ERROR: UNIMPLEMENTED INSTRUCTION
00000d20: a5a5a5a5  ERROR: UNIMPLEMENTED INSTRUCTION
00000d24: a5a5a5a5  ERROR: UNIMPLEMENTED INSTRUCTION
00000d28: a5a5a5a5  ERROR: UNIMPLEMENTED INSTRUCTION
00000d2c: a5a5a5a5  ERROR: UNIMPLEMENTED INSTRUCTION
00000d30: a5a5a5a5  ERROR: UNIMPLEMENTED INSTRUCTION
00000d34: a5a5a5a5  ERROR: UNIMPLEMENTED INSTRUCTION
00000d38: a5a5a5a5  ERROR: UNIMPLEMENTED INSTRUCTION
00000d3c: a5a5a5a5  ERROR: UNIMPLEMENTED INSTRUCTION
00000d40: a5a5a5a5  ERROR: UNIMPLEMENTED INSTRUCTION
00000d44: a5a5a5a5  ERROR: UNIMPLEMENTED INSTRUCTION
00000d48: a5a5a5a5  ERROR: UNIMPLEMENTED INSTRUCTION
00000d4c: a5a5a5a5  ERROR: UNIMPLEMENTED INSTRUCTION
00000d50: a5a5a5a5  ERROR: UNIMPLEMENTED INSTRUCTION
00000d54: a5a5a5a5  ERROR: UNIMPLEMENTED INSTRUCTION
00000d58: a5a5a5a5  ERROR: UNIMPLEMENTED INSTRUCTION
00000d5c: a5a5a5a5  ERROR: UNIMPLEMENTED INSTRUCTION
00000d60: a5a5a5a5  ERROR: UNIMPLEMENTED INSTRUCTION
00000d64: a5a5a5a5  ERROR: UNIMPLEMENTED INSTRUCTION
00000d68: a5a5a5a5  ERROR: UNIMPLEMENTED INSTRUCTION
00000d6c: a5a5a5a5  ERROR: UNIMPLEMENTED INSTRUCTION
00000d70: a5a5a5a5  ERROR: UNIMPLEMENTED INSTRUCTION
00000d74: a5a5a5a5  ERROR: UNIMPLEMENTED INSTRUCTION
00000d78: a5a5a5a5  ERROR: UNIMPLEMENTED INSTRUCTION
00000d7c: a5a5a5a5  ERROR: UNIMPLEMENTED INSTRUCTION
00000d80: a5a5a5a5  ERROR: UNIMPLEMENTED INSTRUCTION
00000d84: a5a5a5a5  ERROR: UNIMPLEMENTED INSTRUCTION
00000d88: a5a5a5a5  ERROR: UNIMPLEMENTED INSTRUCTION
00000d8c: a5a5a5a5  ERROR: UNIMPLEMENTED INSTRUCTION
00000d90: a5a5a5a5  ERROR: UNIMPLEMENTED INSTRUCTION
00000d94: a5a5a5a5  ERROR: UNIMPLEMENTED INSTRUCTION
00000d98: a5a5a5a5  ERROR: UNIMPLEMENTED INSTRUCTION
00000d9c: a5a5a5a5  ERROR: UNIMPLEMENTED INSTRUCTION
00000da0: a5a5a5a5  ERROR: UNIMPLEMENTED INSTRUCTION
00000da4: a5a5a5a5  ERROR: UNIMPLEMENTED INSTRUCTION
00000da8: a5a5a5a5  ERROR: UNIMPLEMENTED INSTRUCTION
00000dac: a5a5a5a5  ERROR: UNIMPLEMENTED INSTRUCTION
00000db0: a5a5a5a5  ERROR: UNIMPLEMENTED INSTRUCTION
00000db4: a5a5a5a5  ERROR: UNIMPLEMENTED INSTRUCTION
00000db8: a5a5a5a5  ERROR: UNIMPLEMENTED INSTRUCTION
00000dbc: a5a5a5a5  ERROR: UNIMPLEMENTED INSTRUCTION
00000dc0: a5a5a5a5  ERROR: UNIMPLEMENTED INSTRUCTION
00000dc4: a5a5a5a5  ERROR: UNIMPLEMENTED INSTRUCTION
00000dc8: a5a5a5a5  ERROR: UNIMPLEMENTED INSTRUCTION
00000dcc: a5a5a5a5  ERROR: UNIMPLEMENTED INSTRUCTION
00000dd0: a5a5a5a5  ERROR: UNIMPLEMENTED INSTRUCTION
00000dd4: a5a5a5a5  ERROR: UNIMPLEMENTED INSTRUCTION
00000dd8: a5a5a5a5  ERROR: UNIMPLEMENTED INSTRUCTION
00000ddc: a5a5a5a5  ERROR: UNIMPLEMENTED INSTRUCTION
00000de0: a5a5a5a5  ERROR: UNIMPLEMENTED INSTRUCTION
00000de4: a5a5a5a5  ERROR: UNIMPLEMENTED INSTRUCTION
00000de8: a5a5a5a5  ERROR: UNIMPLEMENTED INSTRUCTION
00000dec: a5a5a5a5  ERROR: UNIMPLEMENTED INSTRUCTION
00000df0: a5a5a5a5  ERROR: UNIMPLEMENTED INSTRUCTION
00000df4: a5a5a5a5  ERROR: UNIMPLEMENTED INSTRUCTION
00000df8: a5a5a5a5  ERROR: UNIMPLEMENTED INSTRUCTION
00000dfc: a5a5a5a5  ERROR: UNIMPLEMENTED INSTRUCTION
00000e00: a5a5a5a5  ERROR: UNIMPLEMENTED INSTRUCTION
00000e04: a5a5a5a5  ERROR: UNIMPLEMENTED INSTRUCTION
00000e08: a5a5a5a5  ERROR: UNIMPLEMENTED INSTRUCTION
00000e0c: a5a5a5a5  ERROR: UNIMPLEMENTED INSTRUCTION
00000e10: a5a5a5a5  ERROR: UNIMPLEMENTED INSTRUCTION
00000e14: a5a5a5a5  ERROR: UNIMPLEMENTED INSTRUCTION
00000e18: a5a5a5a5  ERROR: UNIMPLEMENTED INSTRUCTION
00000e1c: a5a5a5a5  ERROR: UNIMPLEMENTED INSTRUCTION
00000e20: a5a5a5a5  ERROR: UNIMPLEMENTED INSTRUCTION
00000e24: a5a5a5a5  ERROR: UNIMPLEMENTED INSTRUCTION
00000e28: a5a5a5a5  ERROR: UNIMPLEMENTED INSTRUCTION
00000e2c: a5a5a5a5  ERROR: UNIMPLEMENTED INSTRUCTION
00000e30: a5a5a5a5  ERROR: UNIMPLEMENTED INSTRUCTION
00000e34: a5a5a5a5  ERROR: UNIMPLEMENTED INSTRUCTION
00000e38: a5a5a5a5  ERROR: UNIMPLEMENTED INSTRUCTION
00000e3c: a5a5a5a5  ERROR: UNIMPLEMENTED INSTRUCTION
00000e40: a5a5a5a5  ERROR: UNIMPLEMENTED INSTRUCTION
00000e44: a5a5a5a5  ERROR: UNIMPLEMENTED INSTRUCTION
00000e48: a5a5a5a5  ERROR: UNIMPLEMENTED INSTRUCTION
00000e4c: a5a5a5a5  ERROR: UNIMPLEMENTED INSTRUCTION
00000e50: a5a5a5a5  ERROR: UNIMPLEMENTED INSTRUCTION
00000e54: a5a5a5a5  ERROR: UNIMPLEMENTED INSTRUCTION
00000e58: a5a5a5a5  ERROR: UNIMPLEMENTED INSTRUCTION
00000e5c: a5a5a5a5  ERROR: UNIMPLEMENTED INSTRUCTION
00000e60: a5a5a5a5  ERROR: UNIMPLEMENTED INSTRUCTION
00000e64: a5a5a5a5  ERROR: UNIMPLEMENTED INSTRUCTION
00000e68: a5a5a5a5  ERROR: UNIMPLEMENTED INSTRUCTION
00000e6c: a5a5a5a5  ERROR: UNIMPLEMENTED INSTRUCTION
00000e70: a5a5a5a5  ERROR: UNIMPLEMENTED INSTRUCTION
00000e74: a5a5a5a5  ERROR: UNIMPLEMENTED INSTRUCTION
00000e78: a5a5a5a5  ERROR: UNIMPLEMENTED INSTRUCTION
00000e7c: a5a5a5a5  ERROR: UNIMPLEMENTED INSTRUCTION
00000e80: a5a5a5a5  ERROR: UNIMPLEMENTED INSTRUCTION
00000e84: a5a5a5a5  ERROR: UNIMPLEMENTED INSTRUCTION
00000e88: a5a5a5a5  ERROR: UNIMPLEMENTED INSTRUCTION
00000e8c: a5a5a5a5  ERROR: UNIMPLEMENTED INSTRUCTION
00000e90: a5a5a5a5  ERROR: UNIMPLEMENTED INSTRUCTION
00000e94: a5a5a5a5  ERROR: UNIMPLEMENTED INSTRUCTION
00000e98: a5a5a5a5  ERROR: UNIMPLEMENTED INSTRUCTION
00000e9c: a5a5a5a5  ERROR: UNIMPLEMENTED INSTRUCTION
00000ea0: a5a5a5a5  ERROR: UNIMPLEMENTED INSTRUCTION
00000ea4: a5a5a5a5  ERROR: UNIMPLEMENTED INSTRUCTION
00000ea8: a5a5a5a5  ERROR: UNIMPLEMENTED INSTRUCTION
00000eac: a5a5a5a5  ERROR: UNIMPLEMENTED INSTRUCTION
00000eb0: a5a5a5a5  ERROR: UNIMPLEMENTED INSTRUCTION
00000eb4: a5a5a5a5  ERROR: UNIMPLEMENTED INSTRUCTION
00000eb8: a5a5a5a5  ERROR: UNIMPLEMENTED INSTRUCTION
00000ebc: a5a5a5a5  ERROR: UNIMPLEMENTED INSTRUCTION
00000ec0: a5a5a5a5  ERROR: UNIMPLEMENTED INSTRUCTION
00000ec4: a5a5a5a5  ERROR: UNIMPLEMENTED INSTRUCTION
00000ec8: a5a5a5a5  ERROR: UNIMPLEMENTED INSTRUCTION
00000ecc: a5a5a5a5  ERROR: UNIMPLEMENTED INSTRUCTION
00000ed0: a5a5a5a5  ERROR: UNIMPLEMENTED INSTRUCTION
00000ed4: a5a5a5a5  ERROR: UNIMPLEMENTED INSTRUCTION
00000ed8: a5a5a5a5  ERROR: UNIMPLEMENTED INSTRUCTION
00000edc: a5a5a5a5  ERROR: UNIMPLEMENTED INSTRUCTION
00000ee0: a5a5a5a5  ERROR: UNIMPLEMENTED INSTRUCTION
00000ee4: a5a5a5a5  ERROR: UNIMPLEMENTED INSTRUCTION
00000ee8: a5a5a5a5  ERROR: UNIMPLEMENTED INSTRUCTION
00000eec: a5a5a5a5  ERROR: UNIMPLEMENTED INSTRUCTION
00000ef0: a5a5a5a5  ERROR: UNIMPLEMENTED INSTRUCTION
00000ef4: a5a5a5a5  ERROR: UNIMPLEMENTED INSTRUCTION
00000ef8: a5a5a5a5  ERROR: UNIMPLEMENTED INSTRUCTION
00000efc: a5a5a5a5  ERROR: UNIMPLEMENTED INSTRUCTION
00000f00: a5a5a5a5  ERROR: UNIMPLEMENTED INSTRUCTION
00000f04: a5a5a5a5  ERROR: UNIMPLEMENTED INSTRUCTION
00000f08: a5a5a5a5  ERROR: UNIMPLEMENTED INSTRUCTION
00000f0c: a5a5a5a5  ERROR: UNIMPLEMENTED INSTRUCTION
00000f10: a5a5a5a5  ERROR: UNIMPLEMENTED INSTRUCTION
00000f14: a5a5a5a5  ERROR: UNIMPLEMENTED INSTRUCTION
00000f18: a5a5a5a5  ERROR: UNIMPLEMENTED INSTRUCTION
00000f1c: a5a5a5a5  ERROR: UNIMPLEMENTED INSTRUCTION
00000f20: a5a5a5a5  ERROR: UNIMPLEMENTED INSTRUCTION
00000f24: a5a5a5a5  ERROR: UNIMPLEMENTED INSTRUCTION
00000f28: a5a5a5a5  ERROR: UNIMPLEMENTED INSTRUCTION
00000f2c: a5a5a5a5  ERROR: UNIMPLEMENTED INSTRUCTION
00000f30: a5a5a5a5  ERROR: UNIMPLEMENTED INSTRUCTION
00000f34: a5a5a5a5  ERROR: UNIMPLEMENTED INSTRUCTION
00000f38: a5a5a5a5  ERROR: UNIMPLEMENTED INSTRUCTION
00000f3c: a5a5a5a5  ERROR: UNIMPLEMENTED INSTRUCTION
00000f40: a5a5a5a5  ERROR: UNIMPLEMENTED INSTRUCTION
00000f44: a5a5a5a5  ERROR: UNIMPLEMENTED INSTRUCTION
00000f48: a5a5a5a5  ERROR: UNIMPLEMENTED INSTRUCTION
00000f4c: a5a5a5a5  ERROR: UNIMPLEMENTED INSTRUCTION
00000f50: a5a5a5a5  ERROR: UNIMPLEMENTED INSTRUCTION
00000f54: a5a5a5a5  ERROR: UNIMPLEMENTED INSTRUCTION
00000f58: a5a5a5a5  ERROR: UNIMPLEMENTED INSTRUCTION
00000f5c: a5a5a5a5  ERROR: UNIMPLEMENTED INSTRUCTION
00000f60: a5a5a5a5  ERROR: UNIMPLEMENTED INSTRUCTION
00000f64: a5a5a5a5  ERROR: UNIMPLEMENTED INSTRUCTION
00000f68: a5a5a5a5  ERROR: UNIMPLEMENTED INSTRUCTION
00000f6c: a5a5a5a5  ERROR: UNIMPLEMENTED INSTRUCTION
00000f70: a5a5a5a5  ERROR: UNIMPLEMENTED INSTRUCTION
00000f74: a5a5a5a5  ERROR: UNIMPLEMENTED INSTRUCTION
00000f78: a5a5a5a5  ERROR: UNIMPLEMENTED INSTRUCTION
00000f7c: a5a5a5a5  ERROR: UNIMPLEMENTED INSTRUCTION
00000f80: a5a5a5a5  ERROR: UNIMPLEMENTED INSTRUCTION
00000f84: a5a5a5a5  ERROR: UNIMPLEMENTED INSTRUCTION
00000f88: a5a5a5a5  ERROR: UNIMPLEMENTED INSTRUCTION
00000f8c: a5a5a5a5  ERROR: UNIMPLEMENTED INSTRUCTION
00000f90: a5a5a5a5  ERROR: UNIMPLEMENTED INSTRUCTION
00000f94: a5a5a5a5  ERROR: UNIMPLEMENTED INSTRUCTION
00000f98: a5a5a5a5  ERROR: UNIMPLEMENTED INSTRUCTION
00000f9c: a5a5a5a5  ERROR: UNIMPLEMENTED INSTRUCTION
00000fa0: a5a5a5a5  ERROR: UNIMPLEMENTED INSTRUCTION
00000fa4: a5a5a5a5  ERROR: UNIMPLEMENTED INSTRUCTION
00000fa8: a5a5a5a5  ERROR: UNIMPLEMENTED INSTRUCTION
00000fac: a5a5a5a5  ERROR: UNIMPLEMENTED INSTRUCTION
00000fb0: a5a5a5a5  ERROR: UNIMPLEMENTED INSTRUCTION
00000fb4: a5a5a5a5  ERROR: UNIMPLEMENTED INSTRUCTION
00000fb8: a5a5a5a5  ERROR: UNIMPLEMENTED INSTRUCTION
00000fbc: a5a5a5a5  ERROR: UNIMPLEMENTED INSTRUCTION
00000fc0: a5a5a5a5  ERROR: UNIMPLEMENTED INSTRUCTION
00000fc4: a5a5a5a5  ERROR: UNIMPLEMENTED INSTRUCTION
00000fc8: a5a5a5a5  ERROR: UNIMPLEMENTED INSTRUCTION
00000fcc: a5a5a5a5  ERROR: UNIMPLEMENTED INSTRUCTION
00000fd0: a5a5a5a5  ERROR: UNIMPLEMENTED INSTRUCTION
00000fd4: a5a5a5a5  ERROR: UNIMPLEMENTED INSTRUCTION
00000fd8: a5a5a5a5  ERROR: UNIMPLEMENTED INSTRUCTION
00000fdc: a5a5a5a5  ERROR: UNIMPLEMENTED INSTRUCTION
00000fe0: a5a5a5a5  ERROR: UNIMPLEMENTED INSTRUCTION
00000fe4: a5a5a5a5  ERROR: UNIMPLEMENTED INSTRUCTION
00000fe8: a5a5a5a5  ERROR: UNIMPLEMENTED INSTRUCTION
00000fec: a5a5a5a5  ERROR: UNIMPLEMENTED INSTRUCTION
00000ff0: a5a5a5a5  ERROR: UNIMPLEMENTED INSTRUCTION
00000ff4: a5a5a5a5  ERROR: UNIMPLEMENTED INSTRUCTION
00000ff8: a5a5a5a5  ERROR: UNIMPLEMENTED INSTRUCTION
00000ffc: a5a5a5a5  ERROR: UNIMPLEMENTED INSTRUCTION
Execution terminated by EBREAK instruction
49 instructions executed
 x0 00000000 0000000c 00001000 fffff0f0 f0f0f0f0 ffffffff 00000010 f0f0f0f0 
 x8 f0f0f0f0 f0f0f0f0 f0f0f0f0 f0f0f0f0 f0f0f0f0 f0f0f0f0 f0f0f0f0 f0f0f0f0 
x16 f0f0f0f0 f0f0f0f0 f0f0f0f0 f0f0f0f0 f0f0f0f0 f0f0f0f0 f0f0f0f0 f0f0f0f0 
x24 f0f0f0f0 f0f0f0f0 f0f0f0f0 f0f0f0f0 f0f0f0f0 f0f0f0f0 f0f0f0f0 f0f0f0f0 
 pc 000000e4
00000000: 37 e2 cd ab 17 e2 cd ab  ef 00 80 00 73 00 10 00 *7...........s...*
00000010: 67 82 00 01 73 00 10 00  e3 0e b0 fe e3 9c b5 fe *g...s...........*
00000020: e3 4a 00 fe e3 58 05 fe  e3 66 00 fe e3 74 a0 fe *.J...X...f...t..*
00000030: 63 04 00 00 73 00 10 00  63 14 b0 00 73 00 10 00 *c...s...c...s...*
00000040: 63 44 05 00 73 00 10 00  63 54 00 00 73 00 10 00 *cD..s...cT..s...*
00000050: 63 64 a0 00 73 00 10 00  63 74 00 00 73 00 10 00 *cd..s...ct..s...*
00000060: 13 03 00 01 03 42 03 01  03 42 13 00 03 52 03 01 *.....B...B...R..*
00000070: 03 52 a3 00 03 02 03 01  03 02 13 01 03 12 03 01 *.R..............*
00000080: 03 12 a3 00 03 22 03 01  93 02 f0 ff a3 0e 50 0e *....."........P.*
00000090: 23 18 50 0e 23 2a 50 0e  13 02 26 4d 13 22 26 4d *#.P.#*P...&M."&M*
000000a0: 13 32 26 4d 13 42 26 4d  13 62 26 4d 13 72 26 4d *.2&M.B&M.b&M.r&M*
000000b0: 13 92 c6 00 13 d2 c6 00  13 d2 c6 40 33 02 f7 00 *...........@3...*
000000c0: 33 02 f7 40 b3 11 f7 00  33 22 f7 00 33 32 f7 00 *3..@....3"..32..*
000000d0: 33 42 f7 00 b3 51 f7 00  b3 51 f7 40 33 62 f7 00 *3B...Q...Q.@3b..*
000000e0: 33 72 f7 00 f3 22 40 f1  73 00 10 00 ff ff ff ff *3r..."@.s.......*
000000f0: ff ff a5 a5 ff ff ff ff  a5 a5 a5 a5 a5 ff a5 a5 *................*
00000100: a5 a5 a5 a5 a5 a5 a5 a5  a5 a5 a5 a5 a5 a5 a5 a5 *................*
00000110: a5 a5 a5 a5 a5 a5 a5 a5  a5 a5 a5 a5 a5 a5 a5 a5 *................*
00000120: a5 a5 a5 a5 a5 a5 a5 a5  a5 a5 a5 a5 a5 a5 a5 a5 *................*
00000130: a5 a5 a5 a5 a5 a5 a5 a5  a5 a5 a5 a5 a5 a5 a5 a5 *................*
00000140: a5 a5 a5 a5 a5 a5 a5 a5  a5 a5 a5 a5 a5 a5 a5 a5 *................*
00000150: a5 a5 a5 a5 a5 a5 a5 a5  a5 a5 a5 a5 a5 a5 a5 a5 *................*
00000160: a5 a5 a5 a5 a5 a5 a5 a5  a5 a5 a5 a5 a5 a5 a5 a5 *................*
00000170: a5 a5 a5 a5 a5 a5 a5 a5  a5 a5 a5 a5 a5 a5 a5 a5 *................*
00000180: a5 a5 a5 a5 a5 a5 a5 a5  a5 a5 a5 a5 a5 a5 a5 a5 *................*
00000190: a5 a5 a5 a5 a5 a5 a5 a5  a5 a5 a5 a5 a5 a5 a5 a5 *................*
000001a0: a5 a5 a5 a5 a5 a5 a5 a5  a5 a5 a5 a5 a5 a5 a5 a5 *................*
000001b0: a5 a5 a5 a5 a5 a5 a5 a5  a5 a5 a5 a5 a5 a5 a5 a5 *................*
000001c0: a5 a5 a5 a5 a5 a5 a5 a5  a5 a5 a5 a5 a5 a5 a5 a5 *................*
000001d0: a5 a5 a5 a5 a5 a5 a5 a5  a5 a5 a5 a5 a5 a5 a5 a5 *................*
000001e0: a5 a5 a5 a5 a5 a5 a5 a5  a5 a5 a5 a5 a5 a5 a5 a5 *................*
000001f0: a5 a5 a5 a5 a5 a5 a5 a5  a5 a5 a5 a5 a5 a5 a5 a5 *................*
00000200: a5 a5 a5 a5 a5 a5 a5 a5  a5 a5 a5 a5 a5 a5 a5 a5 *................*
00000210: a5 a5 a5 a5 a5 a5 a5 a5  a5 a5 a5 a5 a5 a5 a5 a5 *................*
00000220: a5 a5 a5 a5 a5 a5 a5 a5  a5 a5 a5 a5 a5 a5 a5 a5 *................*
00000230: a5 a5 a5 a5 a5 a5 a5 a5  a5 a5 a5 a5 a5 a5 a5 a5 *................*
00000240: a5 a5 a5 a5 a5 a5 a5 a5  a5 a5 a5 a5 a5 a5 a5 a5 *................*
00000250: a5 a5 a5 a5 a5 a5 a5 a5  a5 a5 a5 a5 a5 a5 a5 a5 *................*
00000260: a5 a5 a5 a5 a5 a5 a5 a5  a5 a5 a5 a5 a5 a5 a5 a5 *................*
00000270: a5 a5 a5 a5 a5 a5 a5 a5  a5 a5 a5 a5 a5 a5 a5 a5 *................*
00000280: a5 a5 a5 a5 a5 a5 a5 a5  a5 a5 a5 a5 a5 a5 a5 a5 *................*
00000290: a5 a5 a5 a5 a5 a5 a5 a5  a5 a5 a5 a5 a5 a5 a5 a5 *................*
000002a0: a5 a5 a5 a5 a5 a5 a5 a5  a5 a5 a5 a5 a5 a5 a5 a5 *................*
000002b0: a5 a5 a5 a5 a5 a5 a5 a5  a5 a5 a5 a5 a5 a5 a5 a5 *................*
000002c0: a5 a5 a5 a5 a5 a5 a5 a5  a5 a5 a5 a5 a5 a5 a5 a5 *................*
000002d0: a5 a5 a5 a5 a5 a5 a5 a5  a5 a5 a5 a5 a5 a5 a5 a5 *................*
000002e0: a5 a5 a5 a5 a5 a5 a5 a5  a5 a5 a5 a5 a5 a5 a5 a5 *................*
000002f0: a5 a5 a5 a5 a5 a5 a5 a5  a5 a5 a5 a5 a5 a5 a5 a5 *................*
00000300: a5 a5 a5 a5 a5 a5 a5 a5  a5 a5 a5 a5 a5 a5 a5 a5 *................*
00000310: a5 a5 a5 a5 a5 a5 a5 a5  a5 a5 a5 a5 a5 a5 a5 a5 *................*
00000320: a5 a5 a5 a5 a5 a5 a5 a5  a5 a5 a5 a5 a5 a5 a5 a5 *................*
00000330: a5 a5 a5 a5 a5 a5 a5 a5  a5 a5 a5 a5 a5 a5 a5 a5 *................*
00000340: a5 a5 a5 a5 a5 a5 a5 a5  a5 a5 a5 a5 a5 a5 a5 a5 *................*
00000350: a5 a5 a5 a5 a5 a5 a5 a5  a5 a5 a5 a5 a5 a5 a5 a5 *................*
00000360: a5 a5 a5 a5 a5 a5 a5 a5  a5 a5 a5 a5 a5 a5 a5 a5 *................*
00000370: a5 a5 a5 a5 a5 a5 a5 a5  a5 a5 a5 a5 a5 a5 a5 a5 *................*
00000380: a5 a5 a5 a5 a5 a5 a5 a5  a5 a5 a5 a5 a5 a5 a5 a5 *................*
00000390: a5 a5 a5 a5 a5 a5 a5 a5  a5 a5 a5 a5 a5 a5 a5 a5 *................*
000003a0: a5 a5 a5 a5 a5 a5 a5 a5  a5 a5 a5 a5 a5 a5 a5 a5 *................*
000003b0: a5 a5 a5 a5 a5 a5 a5 a5  a5 a5 a5 a5 a5 a5 a5 a5 *................*
000003c0: a5 a5 a5 a5 a5 a5 a5 a5  a5 a5 a5 a5 a5 a5 a5 a5 *................*
000003d0: a5 a5 a5 a5 a5 a5 a5 a5  a5 a5 a5 a5 a5 a5 a5 a5 *................*
000003e0: a5 a5 a5 a5 a5 a5 a5 a5  a5 a5 a5 a5 a5 a5 a5 a5 *................*
000003f0: a5 a5 a5 a5 a5 a5 a5 a5  a5 a5 a5 a5 a5 a5 a5 a5 *................*
00000400: a5 a5 a5 a5 a5 a5 a5 a5  a5 a5 a5 a5 a5 a5 a5 a5 *................*
00000410: a5 a5 a5 a5 a5 a5 a5 a5  a5 a5 a5 a5 a5 a5 a5 a5 *................*
00000420: a5 a5 a5 a5 a5 a5 a5 a5  a5 a5 a5 a5 a5 a5 a5 a5 *................*
00000430: a5 a5 a5 a5 a5 a5 a5 a5  a5 a5 a5 a5 a5 a5 a5 a5 *................*
00000440: a5 a5 a5 a5 a5 a5 a5 a5  a5 a5 a5 a5 a5 a5 a5 a5 *................*
00000450: a5 a5 a5 a5 a5 a5 a5 a5  a5 a5 a5 a5 a5 a5 a5 a5 *................*
00000460: a5 a5 a5 a5 a5 a5 a5 a5  a5 a5 a5 a5 a5 a5 a5 a5 *................*
00000470: a5 a5 a5 a5 a5 a5 a5 a5  a5 a5 a5 a5 a5 a5 a5 a5 *................*
00000480: a5 a5 a5 a5 a5 a5 a5 a5  a5 a5 a5 a5 a5 a5 a5 a5 *................*
00000490: a5 a5 a5 a5 a5 a5 a5 a5  a5 a5 a5 a5 a5 a5 a5 a5 *................*
000004a0: a5 a5 a5 a5 a5 a5 a5 a5  a5 a5 a5 a5 a5 a5 a5 a5 *................*
000004b0: a5 a5 a5 a5 a5 a5 a5 a5  a5 a5 a5 a5 a5 a5 a5 a5 *................*
000004c0: a5 a5 a5 a5 a5 a5 a5 a5  a5 a5 a5 a5 a5 a5 a5 a5 *................*
000004d0: a5 a5 a5 a5 a5 a5 a5 a5  a5 a5 a5 a5 a5 a5 a5 a5 *................*
000004e0: a5 a5 a5 a5 a5 a5 a5 a5  a5 a5 a5 a5 a5 a5 a5 a5 *................*
000004f0: a5 a5 a5 a5 a5 a5 a5 a5  a5 a5 a5 a5 a5 a5 a5 a5 *................*
00000500: a5 a5 a5 a5 a5 a5 a5 a5  a5 a5 a5 a5 a5 a5 a5 a5 *................*
00000510: a5 a5 a5 a5 a5 a5 a5 a5  a5 a5 a5 a5 a5 a5 a5 a5 *................*
00000520: a5 a5 a5 a5 a5 a5 a5 a5  a5 a5 a5 a5 a5 a5 a5 a5 *................*
00000530: a5 a5 a5 a5 a5 a5 a5 a5  a5 a5 a5 a5 a5 a5 a5 a5 *................*
00000540: a5 a5 a5 a5 a5 a5 a5 a5  a5 a5 a5 a5 a5 a5 a5 a5 *................*
00000550: a5 a5 a5 a5 a5 a5 a5 a5  a5 a5 a5 a5 a5 a5 a5 a5 *................*
00000560: a5 a5 a5 a5 a5 a5 a5 a5  a5 a5 a5 a5 a5 a5 a5 a5 *................*
00000570: a5 a5 a5 a5 a5 a5 a5 a5  a5 a5 a5 a5 a5 a5 a5 a5 *................*
00000580: a5 a5 a5 a5 a5 a5 a5 a5  a5 a5 a5 a5 a5 a5 a5 a5 *................*
00000590: a5 a5 a5 a5 a5 a5 a5 a5  a5 a5 a5 a5 a5 a5 a5 a5 *................*
000005a0: a5 a5 a5 a5 a5 a5 a5 a5  a5 a5 a5 a5 a5 a5 a5 a5 *................*
000005b0: a5 a5 a5 a5 a5 a5 a5 a5  a5 a5 a5 a5 a5 a5 a5 a5 *................*
000005c0: a5 a5 a5 a5 a5 a5 a5 a5  a5 a5 a5 a5 a5 a5 a5 a5 *................*
000005d0: a5 a5 a5 a5 a5 a5 a5 a5  a5 a5 a5 a5 a5 a5 a5 a5 *................*
000005e0: a5 a5 a5 a5 a5 a5 a5 a5  a5 a5 a5 a5 a5 a5 a5 a5 *................*
000005f0: a5 a5 a5 a5 a5 a5 a5 a5  a5 a5 a5 a5 a5 a5 a5 a5 *................*
00000600: a5 a5 a5 a5 a5 a5 a5 a5  a5 a5 a5 a5 a5 a5 a5 a5 *................*
00000610: a5 a5 a5 a5 a5 a5 a5 a5  a5 a5 a5 a5 a5 a5 a5 a5 *................*
00000620: a5 a5 a5 a5 a5 a5 a5 a5  a5 a5 a5 a5 a5 a5 a5 a5 *................*
00000630: a5 a5 a5 a5 a5 a5 a5 a5  a5 a5 a5 a5 a5 a5 a5 a5 *................*
00000640: a5 a5 a5 a5 a5 a5 a5 a5  a5 a5 a5 a5 a5 a5 a5 a5 *................*
00000650: a5 a5 a5 a5 a5 a5 a5 a5  a5 a5 a5 a5 a5 a5 a5 a5 *................*
00000660: a5 a5 a5 a5 a5 a5 a5 a5  a5 a5 a5 a5 a5 a5 a5 a5 *................*
00000670: a5 a5 a5 a5 a5 a5 a5 a5  a5 a5 a5 a5 a5 a5 a5 a5 *................*
00000680: a5 a5 a5 a5 a5 a5 a5 a5  a5 a5 a5 a5 a5 a5 a5 a5 *................*
00000690: a5 a5 a5 a5 a5 a5 a5 a5  a5 a5 a5 a5 a5 a5 a5 a5 *................*
000006a0: a5 a5 a5 a5 a5 a5 a5 a5  a5 a5 a5 a5 a5 a5 a5 a5 *................*
000006b0: a5 a5 a5 a5 a5 a5 a5 a5  a5 a5 a5 a5 a5 a5 a5 a5 *................*
000006c0: a5 a5 a5 a5 a5 a5 a5 a5  a5 a5 a5 a5 a5 a5 a5 a5 *................*
000006d0: a5 a5 a5 a5 a5 a5 a5 a5  a5 a5 a5 a5 a5 a5 a5 a5 *................*
000006e0: a5 a5 a5 a5 a5 a5 a5 a5  a5 a5 a5 a5 a5 a5 a5 a5 *................*
000006f0: a5 a5 a5 a5 a5 a5 a5 a5  a5 a5 a5 a5 a5 a5 a5 a5 *................*
00000700: a5 a5 a5 a5 a5 a5 a5 a5  a5 a5 a5 a5 a5 a5 a5 a5 *................*
00000710: a5 a5 a5 a5 a5 a5 a5 a5  a5 a5 a5 a5 a5 a5 a5 a5 *................*
00000720: a5 a5 a5 a5 a5 a5 a5 a5  a5 a5 a5 a5 a5 a5 a5 a5 *................*
00000730: a5 a5 a5 a5 a5 a5 a5 a5  a5 a5 a5 a5 a5 a5 a5 a5 *................*
00000740: a5 a5 a5 a5 a5 a5 a5 a5  a5 a5 a5 a5 a5 a5 a5 a5 *................*
00000750: a5 a5 a5 a5 a5 a5 a5 a5  a5 a5 a5 a5 a5 a5 a5 a5 *................*
00000760: a5 a5 a5 a5 a5 a5 a5 a5  a5 a5 a5 a5 a5 a5 a5 a5 *................*
00000770: a5 a5 a5 a5 a5 a5 a5 a5  a5 a5 a5 a5 a5 a5 a5 a5 *................*
00000780: a5 a5 a5 a5 a5 a5 a5 a5  a5 a5 a5 a5 a5 a5 a5 a5 *................*
00000790: a5 a5 a5 a5 a5 a5 a5 a5  a5 a5 a5 a5 a5 a5 a5 a5 *................*
000007a0: a5 a5 a5 a5 a5 a5 a5 a5  a5 a5 a5 a5 a5 a5 a5 a5 *................*
000007b0: a5 a5 a5 a5 a5 a5 a5 a5  a5 a5 a5 a5 a5 a5 a5 a5 *................*
000007c0: a5 a5 a5 a5 a5 a5 a5 a5  a5 a5 a5 a5 a5 a5 a5 a5 *................*
000007d0: a5 a5 a5 a5 a5 a5 a5 a5  a5 a5 a5 a5 a5 a5 a5 a5 *................*
000007e0: a5 a5 a5 a5 a5 a5 a5 a5  a5 a5 a5 a5 a5 a5 a5 a5 *................*
000007f0: a5 a5 a5 a5 a5 a5 a5 a5  a5 a5 a5 a5 a5 a5 a5 a5 *................*
00000800: a5 a5 a5 a5 a5 a5 a5 a5  a5 a5 a5 a5 a5 a5 a5 a5 *................*
00000810: a5 a5 a5 a5 a5 a5 a5 a5  a5 a5 a5 a5 a5 a5 a5 a5 *................*
00000820: a5 a5 a5 a5 a5 a5 a5 a5  a5 a5 a5 a5 a5 a5 a5 a5 *................*
00000830: a5 a5 a5 a5 a5 a5 a5 a5  a5 a5 a5 a5 a5 a5 a5 a5 *................*
00000840: a5 a5 a5 a5 a5 a5 a5 a5  a5 a5 a5 a5 a5 a5 a5 a5 *................*
00000850: a5 a5 a5 a5 a5 a5 a5 a5  a5 a5 a5 a5 a5 a5 a5 a5 *................*
00000860: a5 a5 a5 a5 a5 a5 a5 a5  a5 a5 a5 a5 a5 a5 a5 a5 *................*
00000870: a5 a5 a5 a5 a5 a5 a5 a5  a5 a5 a5 a5 a5 a5 a5 a5 *................*
00000880: a5 a5 a5 a5 a5 a5 a5 a5  a5 a5 a5 a5 a5 a5 a5 a5 *................*
00000890: a5 a5 a5 a5 a5 a5 a5 a5  a5 a5 a5 a5 a5 a5 a5 a5 *................*
000008a0: a5 a5 a5 a5 a5 a5 a5 a5  a5 a5 a5 a5 a5 a5 a5 a5 *................*
000008b0: a5 a5 a5 a5 a5 a5 a5 a5  a5 a5 a5 a5 a5 a5 a5 a5 *................*
000008c0: a5 a5 a5 a5 a5 a5 a5 a5  a5 a5 a5 a5 a5 a5 a5 a5 *................*
000008d0: a5 a5 a5 a5 a5 a5 a5 a5  a5 a5 a5 a5 a5 a5 a5 a5 *................*
000008e0: a5 a5 a5 a5 a5 a5 a5 a5  a5 a5 a5 a5 a5 a5 a5 a5 *................*
000008f0: a5 a5 a5 a5 a5 a5 a5 a5  a5 a5 a5 a5 a5 a5 a5 a5 *................*
00000900: a5 a5 a5 a5 a5 a5 a5 a5  a5 a5 a5 a5 a5 a5 a5 a5 *................*
00000910: a5 a5 a5 a5 a5 a5 a5 a5  a5 a5 a5 a5 a5 a5 a5 a5 *................*
00000920: a5 a5 a5 a5 a5 a5 a5 a5  a5 a5 a5 a5 a5 a5 a5 a5 *................*
00000930: a5 a5 a5 a5 a5 a5 a5 a5  a5 a5 a5 a5 a5 a5 a5 a5 *................*
00000940: a5 a5 a5 a5 a5 a5 a5 a5  a5 a5 a5 a5 a5 a5 a5 a5 *................*
00000950: a5 a5 a5 a5 a5 a5 a5 a5  a5 a5 a5 a5 a5 a5 a5 a5 *................*
00000960: a5 a5 a5 a5 a5 a5 a5 a5  a5 a5 a5 a5 a5 a5 a5 a5 *................*
00000970: a5 a5 a5 a5 a5 a5 a5 a5  a5 a5 a5 a5 a5 a5 a5 a5 *................*
00000980: a5 a5 a5 a5 a5 a5 a5 a5  a5 a5 a5 a5 a5 a5 a5 a5 *................*
00000990: a5 a5 a5 a5 a5 a5 a5 a5  a5 a5 a5 a5 a5 a5 a5 a5 *................*
000009a0: a5 a5 a5 a5 a5 a5 a5 a5  a5 a5 a5 a5 a5 a5 a5 a5 *................*
000009b0: a5 a5 a5 a5 a5 a5 a5 a5  a5 a5 a5 a5 a5 a5 a5 a5 *................*
000009c0: a5 a5 a5 a5 a5 a5 a5 a5  a5 a5 a5 a5 a5 a5 a5 a5 *................*
000009d0: a5 a5 a5 a5 a5 a5 a5 a5  a5 a5 a5 a5 a5 a5 a5 a5 *................*
000009e0: a5 a5 a5 a5 a5 a5 a5 a5  a5 a5 a5 a5 a5 a5 a5 a5 *................*
000009f0: a5 a5 a5 a5 a5 a5 a5 a5  a5 a5 a5 a5 a5 a5 a5 a5 *................*
00000a00: a5 a5 a5 a5 a5 a5 a5 a5  a5 a5 a5 a5 a5 a5 a5 a5 *................*
00000a10: a5 a5 a5 a5 a5 a5 a5 a5  a5 a5 a5 a5 a5 a5 a5 a5 *................*
00000a20: a5 a5 a5 a5 a5 a5 a5 a5  a5 a5 a5 a5 a5 a5 a5 a5 *................*
00000a30: a5 a5 a5 a5 a5 a5 a5 a5  a5 a5 a5 a5 a5 a5 a5 a5 *................*
00000a40: a5 a5 a5 a5 a5 a5 a5 a5  a5 a5 a5 a5 a5 a5 a5 a5 *................*
00000a50: a5 a5 a5 a5 a5 a5 a5 a5  a5 a5 a5 a5 a5 a5 a5 a5 *................*
00000a60: a5 a5 a5 a5 a5 a5 a5 a5  a5 a5 a5 a5 a5 a5 a5 a5 *................*
00000a70: a5 a5 a5 a5 a5 a5 a5 a5  a5 a5 a5 a5 a5 a5 a5 a5 *................*
00000a80: a5 a5 a5 a5 a5 a5 a5 a5  a5 a5 a5 a5 a5 a5 a5 a5 *................*
00000a90: a5 a5 a5 a5 a5 a5 a5 a5  a5 a5 a5 a5 a5 a5 a5 a5 *................*
00000aa0: a5 a5 a5 a5 a5 a5 a5 a5  a5 a5 a5 a5 a5 a5 a5 a5 *................*
00000ab0: a5 a5 a5 a5 a5 a5 a5 a5  a5 a5 a5 a5 a5 a5 a5 a5 *................*
00000ac0: a5 a5 a5 a5 a5 a5 a5 a5  a5 a5 a5 a5 a5 a5 a5 a5 *................*
00000ad0: a5 a5 a5 a5 a5 a5 a5 a5  a5 a5 a5 a5 a5 a5 a5 a5 *................*
00000ae0: a5 a5 a5 a5 a5 a5 a5 a5  a5 a5 a5 a5 a5 a5 a5 a5 *................*
00000af0: a5 a5 a5 a5 a5 a5 a5 a5  a5 a5 a5 a5 a5 a5 a5 a5 *................*
00000b00: a5 a5 a5 a5 a5 a5 a5 a5  a5 a5 a5 a5 a5 a5 a5 a5 *................*
00000b10: a5 a5 a5 a5 a5 a5 a5 a5  a5 a5 a5 a5 a5 a5 a5 a5 *................*
00000b20: a5 a5 a5 a5 a5 a5 a5 a5  a5 a5 a5 a5 a5 a5 a5 a5 *................*
00000b30: a5 a5 a5 a5 a5 a5 a5 a5  a5 a5 a5 a5 a5 a5 a5 a5 *................*
00000b40: a5 a5 a5 a5 a5 a5 a5 a5  a5 a5 a5 a5 a5 a5 a5 a5 *................*
00000b50: a5 a5 a5 a5 a5 a5 a5 a5  a5 a5 a5 a5 a5 a5 a5 a5 *................*
00000b60: a5 a5 a5 a5 a5 a5 a5 a5  a5 a5 a5 a5 a5 a5 a5 a5 *................*
00000b70: a5 a5 a5 a5 a5 a5 a5 a5  a5 a5 a5 a5 a5 a5 a5 a5 *................*
00000b80: a5 a5 a5 a5 a5 a5 a5 a5  a5 a5 a5 a5 a5 a5 a5 a5 *................*
00000b90: a5 a5 a5 a5 a5 a5 a5 a5  a5 a5 a5 a5 a5 a5 a5 a5 *................*
00000ba0: a5 a5 a5 a5 a5 a5 a5 a5  a5 a5 a5 a5 a5 a5 a5 a5 *................*
00000bb0: a5 a5 a5 a5 a5 a5 a5 a5  a5 a5 a5 a5 a5 a5 a5 a5 *................*
00000bc0: a5 a5 a5 a5 a5 a5 a5 a5  a5 a5 a5 a5 a5 a5 a5 a5 *................*
00000bd0: a5 a5 a5 a5 a5 a5 a5 a5  a5 a5 a5 a5 a5 a5 a5 a5 *................*
00000be0: a5 a5 a5 a5 a5 a5 a5 a5  a5 a5 a5 a5 a5 a5 a5 a5 *................*
00000bf0: a5 a5 a5 a5 a5 a5 a5 a5  a5 a5 a5 a5 a5 a5 a5 a5 *................*
00000c00: a5 a5 a5 a5 a5 a5 a5 a5  a5 a5 a5 a5 a5 a5 a5 a5 *................*
00000c10: a5 a5 a5 a5 a5 a5 a5 a5  a5 a5 a5 a5 a5 a5 a5 a5 *................*
00000c20: a5 a5 a5 a5 a5 a5 a5 a5  a5 a5 a5 a5 a5 a5 a5 a5 *................*
00000c30: a5 a5 a5 a5 a5 a5 a5 a5  a5 a5 a5 a5 a5 a5 a5 a5 *................*
00000c40: a5 a5 a5 a5 a5 a5 a5 a5  a5 a5 a5 a5 a5 a5 a5 a5 *................*
00000c50: a5 a5 a5 a5 a5 a5 a5 a5  a5 a5 a5 a5 a5 a5 a5 a5 *................*
00000c60: a5 a5 a5 a5 a5 a5 a5 a5  a5 a5 a5 a5 a5 a5 a5 a5 *................*
00000c70: a5 a5 a5 a5 a5 a5 a5 a5  a5 a5 a5 a5 a5 a5 a5 a5 *................*
00000c80: a5 a5 a5 a5 a5 a5 a5 a5  a5 a5 a5 a5 a5 a5 a5 a5 *................*
00000c90: a5 a5 a5 a5 a5 a5 a5 a5  a5 a5 a5 a5 a5 a5 a5 a5 *................*
00000ca0: a5 a5 a5 a5 a5 a5 a5 a5  a5 a5 a5 a5 a5 a5 a5 a5 *................*
00000cb0: a5 a5 a5 a5 a5 a5 a5 a5  a5 a5 a5 a5 a5 a5 a5 a5 *................*
00000cc0: a5 a5 a5 a5 a5 a5 a5 a5  a5 a5 a5 a5 a5 a5 a5 a5 *................*
00000cd0: a5 a5 a5 a5 a5 a5 a5 a5  a5 a5 a5 a5 a5 a5 a5 a5 *................*
00000ce0: a5 a5 a5 a5 a5 a5 a5 a5  a5 a5 a5 a5 a5 a5 a5 a5 *................*
00000cf0: a5 a5 a5 a5 a5 a5 a5 a5  a5 a5 a5 a5 a5 a5 a5 a5 *................*
00000d00: a5 a5 a5 a5 a5 a5 a5 a5  a5 a5 a5 a5 a5 a5 a5 a5 *................*
00000d10: a5 a5 a5 a5 a5 a5 a5 a5  a5 a5 a5 a5 a5 a5 a5 a5 *................*
00000d20: a5 a5 a5 a5 a5 a5 a5 a5  a5 a5 a5 a5 a5 a5 a5 a5 *................*
00000d30: a5 a5 a5 a5 a5 a5 a5 a5  a5 a5 a5 a5 a5 a5 a5 a5 *................*
00000d40: a5 a5 a5 a5 a5 a5 a5 a5  a5 a5 a5 a5 a5 a5 a5 a5 *................*
00000d50: a5 a5 a5 a5 a5 a5 a5 a5  a5 a5 a5 a5 a5 a5 a5 a5 *................*
00000d60: a5 a5 a5 a5 a5 a5 a5 a5  a5 a5 a5 a5 a5 a5 a5 a5 *................*
00000d70: a5 a5 a5 a5 a5 a5 a5 a5  a5 a5 a5 a5 a5 a5 a5 a5 *................*
00000d80: a5 a5 a5 a5 a5 a5 a5 a5  a5 a5 a5 a5 a5 a5 a5 a5 *................*
00000d90: a5 a5 a5 a5 a5 a5 a5 a5  a5 a5 a5 a5 a5 a5 a5 a5 *................*
00000da0: a5 a5 a5 a5 a5 a5 a5 a5  a5 a5 a5 a5 a5 a5 a5 a5 *................*
00000db0: a5 a5 a5 a5 a5 a5 a5 a5  a5 a5 a5 a5 a5 a5 a5 a5 *................*
00000dc0: a5 a5 a5 a5 a5 a5 a5 a5  a5 a5 a5 a5 a5 a5 a5 a5 *................*
00000dd0: a5 a5 a5 a5 a5 a5 a5 a5  a5 a5 a5 a5 a5 a5 a5 a5 *................*
00000de0: a5 a5 a5 a5 a5 a5 a5 a5  a5 a5 a5 a5 a5 a5 a5 a5 *................*
00000df0: a5 a5 a5 a5 a5 a5 a5 a5  a5 a5 a5 a5 a5 a5 a5 a5 *................*
00000e00: a5 a5 a5 a5 a5 a5 a5 a5  a5 a5 a5 a5 a5 a5 a5 a5 *................*
00000e10: a5 a5 a5 a5 a5 a5 a5 a5  a5 a5 a5 a5 a5 a5 a5 a5 *................*
00000e20: a5 a5 a5 a5 a5 a5 a5 a5  a5 a5 a5 a5 a5 a5 a5 a5 *................*
00000e30: a5 a5 a5 a5 a5 a5 a5 a5  a5 a5 a5 a5 a5 a5 a5 a5 *................*
00000e40: a5 a5 a5 a5 a5 a5 a5 a5  a5 a5 a5 a5 a5 a5 a5 a5 *................*
00000e50: a5 a5 a5 a5 a5 a5 a5 a5  a5 a5 a5 a5 a5 a5 a5 a5 *................*
00000e60: a5 a5 a5 a5 a5 a5 a5 a5  a5 a5 a5 a5 a5 a5 a5 a5 *................*
00000e70: a5 a5 a5 a5 a5 a5 a5 a5  a5 a5 a5 a5 a5 a5 a5 a5 *................*
00000e80: a5 a5 a5 a5 a5 a5 a5 a5  a5 a5 a5 a5 a5 a5 a5 a5 *................*
00000e90: a5 a5 a5 a5 a5 a5 a5 a5  a5 a5 a5 a5 a5 a5 a5 a5 *................*
00000ea0: a5 a5 a5 a5 a5 a5 a5 a5  a5 a5 a5 a5 a5 a5 a5 a5 *................*
00000eb0: a5 a5 a5 a5 a5 a5 a5 a5  a5 a5 a5 a5 a5 a5 a5 a5 *................*
00000ec0: a5 a5 a5 a5 a5 a5 a5 a5  a5 a5 a5 a5 a5 a5 a5 a5 *................*
00000ed0: a5 a5 a5 a5 a5 a5 a5 a5  a5 a5 a5 a5 a5 a5 a5 a5 *................*
00000ee0: a5 a5 a5 a5 a5 a5 a5 a5  a5 a5 a5 a5 a5 a5 a5 a5 *................*
00000ef0: a5 a5 a5 a5 a5 a5 a5 a5  a5 a5 a5 a5 a5 a5 a5 a5 *................*
00000f00: a5 a5 a5 a5 a5 a5 a5 a5  a5 a5 a5 a5 a5 a5 a5 a5 *................*
00000f10: a5 a5 a5 a5 a5 a5 a5 a5  a5 a5 a5 a5 a5 a5 a5 a5 *................*
00000f20: a5 a5 a5 a5 a5 a5 a5 a5  a5 a5 a5 a5 a5 a5 a5 a5 *................*
00000f30: a5 a5 a5 a5 a5 a5 a5 a5  a5 a5 a5 a5 a5 a5 a5 a5 *................*
00000f40: a5 a5 a5 a5 a5 a5 a5 a5  a5 a5 a5 a5 a5 a5 a5 a5 *................*
00000f50: a5 a5 a5 a5 a5 a5 a5 a5  a5 a5 a5 a5 a5 a5 a5 a5 *................*
00000f60: a5 a5 a5 a5 a5 a5 a5 a5  a5 a5 a5 a5 a5 a5 a5 a5 *................*
00000f70: a5 a5 a5 a5 a5 a5 a5 a5  a5 a5 a5 a5 a5 a5 a5 a5 *................*
00000f80: a5 a5 a5 a5 a5 a5 a5 a5  a5 a5 a5 a5 a5 a5 a5 a5 *................*
00000f90: a5 a5 a5 a5 a5 a5 a5 a5  a5 a5 a5 a5 a5 a5 a5 a5 *................*
00000fa0: a5 a5 a5 a5 a5 a5 a5 a5  a5 a5 a5 a5 a5 a5 a5 a5 *................*
00000fb0: a5 a5 a5 a5 a5 a5 a5 a5  a5 a5 a5 a5 a5 a5 a5 a5 *................*
00000fc0: a5 a5 a5 a5 a5 a5 a5 a5  a5 a5 a5 a5 a5 a5 a5 a5 *................*
00000fd0: a5 a5 a5 a5 a5 a5 a5 a5  a5 a5 a5 a5 a5 a5 a5 a5 *................*
00000fe0: a5 a5 a5 a5 a5 a5 a5 a5  a5 a5 a5 a5 a5 a5 a5 a5 *................*
00000ff0: a5 a5 a5 a5 a5 a5 a5 a5  a5 a5 a5 a5 a5 a5 a5 a5 *................*
